This is pdfTeX, Version 3.14159265-2.6-1.40.19 (MiKTeX 2.9.6630 64-bit) (preloaded format=pdflatex 2018.4.28)  2 DEC 2018 11:12
entering extended mode
**./DD.tex
(DD.tex
LaTeX2e <2017-04-15>
Babel <3.18> and hyphenation patterns for 75 language(s) loaded.
(packages.tex
("C:\Users\argir\AppData\Local\Programs\MiKTeX 2.9\tex\latex\base\report.cls"
Document Class: report 2014/09/29 v1.4h Standard LaTeX document class
("C:\Users\argir\AppData\Local\Programs\MiKTeX 2.9\tex\latex\base\size11.clo"
File: size11.clo 2014/09/29 v1.4h Standard LaTeX file (size option)
)
\c@part=\count79
\c@chapter=\count80
\c@section=\count81
\c@subsection=\count82
\c@subsubsection=\count83
\c@paragraph=\count84
\c@subparagraph=\count85
\c@figure=\count86
\c@table=\count87
\abovecaptionskip=\skip41
\belowcaptionskip=\skip42
\bibindent=\dimen102
)
("C:\Users\argir\AppData\Local\Programs\MiKTeX 2.9\tex\latex\hyperref\hyperref.
sty"
Package: hyperref 2018/02/06 v6.86b Hypertext links for LaTeX

("C:\Users\argir\AppData\Local\Programs\MiKTeX 2.9\tex\generic\oberdiek\hobsub-
hyperref.sty"
Package: hobsub-hyperref 2016/05/16 v1.14 Bundle oberdiek, subset hyperref (HO)


("C:\Users\argir\AppData\Local\Programs\MiKTeX 2.9\tex\generic\oberdiek\hobsub-
generic.sty"
Package: hobsub-generic 2016/05/16 v1.14 Bundle oberdiek, subset generic (HO)
Package: hobsub 2016/05/16 v1.14 Construct package bundles (HO)
Package: infwarerr 2016/05/16 v1.4 Providing info/warning/error messages (HO)
Package: ltxcmds 2016/05/16 v1.23 LaTeX kernel commands for general use (HO)
Package: ifluatex 2016/05/16 v1.4 Provides the ifluatex switch (HO)
Package ifluatex Info: LuaTeX not detected.
Package: ifvtex 2016/05/16 v1.6 Detect VTeX and its facilities (HO)
Package ifvtex Info: VTeX not detected.
Package: intcalc 2016/05/16 v1.2 Expandable calculations with integers (HO)
Package: ifpdf 2017/03/15 v3.2 Provides the ifpdf switch
Package: etexcmds 2016/05/16 v1.6 Avoid name clashes with e-TeX commands (HO)
Package etexcmds Info: Could not find \expanded.
(etexcmds)             That can mean that you are not using pdfTeX 1.50 or
(etexcmds)             that some package has redefined \expanded.
(etexcmds)             In the latter case, load this package earlier.
Package: kvsetkeys 2016/05/16 v1.17 Key value parser (HO)
Package: kvdefinekeys 2016/05/16 v1.4 Define keys (HO)
Package: pdftexcmds 2018/01/21 v0.26 Utility functions of pdfTeX for LuaTeX (HO
)
Package pdftexcmds Info: LuaTeX not detected.
Package pdftexcmds Info: \pdf@primitive is available.
Package pdftexcmds Info: \pdf@ifprimitive is available.
Package pdftexcmds Info: \pdfdraftmode found.
Package: pdfescape 2016/05/16 v1.14 Implements pdfTeX's escape features (HO)
Package: bigintcalc 2016/05/16 v1.4 Expandable calculations on big integers (HO
)
Package: bitset 2016/05/16 v1.2 Handle bit-vector datatype (HO)
Package: uniquecounter 2016/05/16 v1.3 Provide unlimited unique counter (HO)
)
Package hobsub Info: Skipping package `hobsub' (already loaded).
Package: letltxmacro 2016/05/16 v1.5 Let assignment for LaTeX macros (HO)
Package: hopatch 2016/05/16 v1.3 Wrapper for package hooks (HO)
Package: xcolor-patch 2016/05/16 xcolor patch
Package: atveryend 2016/05/16 v1.9 Hooks at the very end of document (HO)
Package atveryend Info: \enddocument detected (standard20110627).
Package: atbegshi 2016/06/09 v1.18 At begin shipout hook (HO)
Package: refcount 2016/05/16 v3.5 Data extraction from label references (HO)
Package: hycolor 2016/05/16 v1.8 Color options for hyperref/bookmark (HO)
)
("C:\Users\argir\AppData\Local\Programs\MiKTeX 2.9\tex\latex\graphics\keyval.st
y"
Package: keyval 2014/10/28 v1.15 key=value parser (DPC)
\KV@toks@=\toks14
)
("C:\Users\argir\AppData\Local\Programs\MiKTeX 2.9\tex\generic\ifxetex\ifxetex.
sty"
Package: ifxetex 2010/09/12 v0.6 Provides ifxetex conditional
)
("C:\Users\argir\AppData\Local\Programs\MiKTeX 2.9\tex\latex\oberdiek\auxhook.s
ty"
Package: auxhook 2016/05/16 v1.4 Hooks for auxiliary files (HO)
)
("C:\Users\argir\AppData\Local\Programs\MiKTeX 2.9\tex\latex\oberdiek\kvoptions
.sty"
Package: kvoptions 2016/05/16 v3.12 Key value format for package options (HO)
)
\@linkdim=\dimen103
\Hy@linkcounter=\count88
\Hy@pagecounter=\count89

("C:\Users\argir\AppData\Local\Programs\MiKTeX 2.9\tex\latex\hyperref\pd1enc.de
f"
File: pd1enc.def 2018/02/06 v6.86b Hyperref: PDFDocEncoding definition (HO)
)
\Hy@SavedSpaceFactor=\count90

("C:\Users\argir\AppData\Local\Programs\MiKTeX 2.9\tex\latex\00miktex\hyperref.
cfg"
File: hyperref.cfg 2002/06/06 v1.2 hyperref configuration of TeXLive
)
Package hyperref Info: Hyper figures OFF on input line 4509.
Package hyperref Info: Link nesting OFF on input line 4514.
Package hyperref Info: Hyper index ON on input line 4517.
Package hyperref Info: Plain pages OFF on input line 4524.
Package hyperref Info: Backreferencing OFF on input line 4529.
Package hyperref Info: Implicit mode ON; LaTeX internals redefined.
Package hyperref Info: Bookmarks ON on input line 4762.
\c@Hy@tempcnt=\count91
 ("C:\Users\argir\AppData\Local\Programs\MiKTeX 2.9\tex\latex\url\url.sty"
\Urlmuskip=\muskip10
Package: url 2013/09/16  ver 3.4  Verb mode for urls, etc.
)
LaTeX Info: Redefining \url on input line 5115.
\XeTeXLinkMargin=\dimen104
\Fld@menulength=\count92
\Field@Width=\dimen105
\Fld@charsize=\dimen106
Package hyperref Info: Hyper figures OFF on input line 6369.
Package hyperref Info: Link nesting OFF on input line 6374.
Package hyperref Info: Hyper index ON on input line 6377.
Package hyperref Info: backreferencing OFF on input line 6384.
Package hyperref Info: Link coloring OFF on input line 6389.
Package hyperref Info: Link coloring with OCG OFF on input line 6394.
Package hyperref Info: PDF/A mode OFF on input line 6399.
LaTeX Info: Redefining \ref on input line 6439.
LaTeX Info: Redefining \pageref on input line 6443.
\Hy@abspage=\count93
\c@Item=\count94
\c@Hfootnote=\count95
)
Package hyperref Info: Driver (autodetected): hpdftex.

("C:\Users\argir\AppData\Local\Programs\MiKTeX 2.9\tex\latex\hyperref\hpdftex.d
ef"
File: hpdftex.def 2018/02/06 v6.86b Hyperref driver for pdfTeX
\Fld@listcount=\count96
\c@bookmark@seq@number=\count97

("C:\Users\argir\AppData\Local\Programs\MiKTeX 2.9\tex\latex\oberdiek\rerunfile
check.sty"
Package: rerunfilecheck 2016/05/16 v1.8 Rerun checks for auxiliary files (HO)
Package uniquecounter Info: New unique counter `rerunfilecheck' on input line 2
82.
)
\Hy@SectionHShift=\skip43
)
Package hyperref Info: Option `colorlinks' set `true' on input line 10.

("C:\Users\argir\AppData\Local\Programs\MiKTeX 2.9\tex\latex\geometry\geometry.
sty"
Package: geometry 2010/09/12 v5.6 Page Geometry
\Gm@cnth=\count98
\Gm@cntv=\count99
\c@Gm@tempcnt=\count100
\Gm@bindingoffset=\dimen107
\Gm@wd@mp=\dimen108
\Gm@odd@mp=\dimen109
\Gm@even@mp=\dimen110
\Gm@layoutwidth=\dimen111
\Gm@layoutheight=\dimen112
\Gm@layouthoffset=\dimen113
\Gm@layoutvoffset=\dimen114
\Gm@dimlist=\toks15

("C:\Users\argir\AppData\Local\Programs\MiKTeX 2.9\tex\latex\geometry\geometry.
cfg"))

Package geometry Warning: Over-specification in `h'-direction.
    `width' (597.50787pt) is ignored.


Package geometry Warning: Over-specification in `v'-direction.
    `height' (845.04684pt) is ignored.


("C:\Users\argir\AppData\Local\Programs\MiKTeX 2.9\tex\latex\tocloft\tocloft.st
y"
Package: tocloft 2017/08/31 v2.3i parameterised ToC, etc., typesetting
Package tocloft Info: The document has chapter divisions on input line 51.
\cftparskip=\skip44
\cftbeforetoctitleskip=\skip45
\cftaftertoctitleskip=\skip46
\cftbeforepartskip=\skip47
\cftpartnumwidth=\skip48
\cftpartindent=\skip49
\cftbeforechapskip=\skip50
\cftchapindent=\skip51
\cftchapnumwidth=\skip52
\cftbeforesecskip=\skip53
\cftsecindent=\skip54
\cftsecnumwidth=\skip55
\cftbeforesubsecskip=\skip56
\cftsubsecindent=\skip57
\cftsubsecnumwidth=\skip58
\cftbeforesubsubsecskip=\skip59
\cftsubsubsecindent=\skip60
\cftsubsubsecnumwidth=\skip61
\cftbeforeparaskip=\skip62
\cftparaindent=\skip63
\cftparanumwidth=\skip64
\cftbeforesubparaskip=\skip65
\cftsubparaindent=\skip66
\cftsubparanumwidth=\skip67
\cftbeforeloftitleskip=\skip68
\cftafterloftitleskip=\skip69
\cftbeforefigskip=\skip70
\cftfigindent=\skip71
\cftfignumwidth=\skip72
\c@lofdepth=\count101
\c@lotdepth=\count102
\cftbeforelottitleskip=\skip73
\cftafterlottitleskip=\skip74
\cftbeforetabskip=\skip75
\cfttabindent=\skip76
\cfttabnumwidth=\skip77
) ("C:\Users\argir\AppData\Local\Programs\MiKTeX 2.9\tex\latex\tabu\tabu.sty"
Package: tabu 2011/02/26 v2.8 - flexible LaTeX tabulars (FC)
("C:\Users\argir\AppData\Local\Programs\MiKTeX 2.9\tex\latex\tools\array.sty"
Package: array 2016/10/06 v2.4d Tabular extension package (FMi)
\col@sep=\dimen115
\extrarowheight=\dimen116
\NC@list=\toks16
\extratabsurround=\skip78
\backup@length=\skip79
)
("C:\Users\argir\AppData\Local\Programs\MiKTeX 2.9\tex\latex\ltxmisc\varwidth.s
ty"
Package: varwidth 2009/03/30 ver 0.92;  Variable-width minipages
\@vwid@box=\box26
\sift@deathcycles=\count103
\@vwid@loff=\dimen117
\@vwid@roff=\dimen118
)
\c@taburow=\count104
\tabu@nbcols=\count105
\tabu@cnt=\count106
\tabu@Xcol=\count107
\tabu@alloc=\count108
\tabu@nested=\count109
\tabu@target=\dimen119
\tabu@spreadtarget=\dimen120
\tabu@naturalX=\dimen121
\tabucolX=\dimen122
\tabu@Xsum=\dimen123
\extrarowdepth=\dimen124
\abovetabulinesep=\dimen125
\belowtabulinesep=\dimen126
\tabustrutrule=\dimen127
\tabu@thebody=\toks17
\tabu@footnotes=\toks18
\tabu@box=\box27
\tabu@arstrutbox=\box28
\tabu@hleads=\box29
\tabu@vleads=\box30
\tabu@cellskip=\skip80
)
("C:\Users\argir\AppData\Local\Programs\MiKTeX 2.9\tex\latex\tools\tabularx.sty
"
Package: tabularx 2016/02/03 v2.11 `tabularx' package (DPC)
\TX@col@width=\dimen128
\TX@old@table=\dimen129
\TX@old@col=\dimen130
\TX@target=\dimen131
\TX@delta=\dimen132
\TX@cols=\count110
\TX@ftn=\toks19
)
("C:\Users\argir\AppData\Local\Programs\MiKTeX 2.9\tex\latex\ltablex\ltablex.st
y"
Package: ltablex 2014/08/13 v1.1 Modified tabularx

("C:\Users\argir\AppData\Local\Programs\MiKTeX 2.9\tex\latex\tools\longtable.st
y"
Package: longtable 2014/10/28 v4.11 Multi-page Table package (DPC)
\LTleft=\skip81
\LTright=\skip82
\LTpre=\skip83
\LTpost=\skip84
\LTchunksize=\count111
\LTcapwidth=\dimen133
\LT@head=\box31
\LT@firsthead=\box32
\LT@foot=\box33
\LT@lastfoot=\box34
\LT@cols=\count112
\LT@rows=\count113
\c@LT@tables=\count114
\c@LT@chunks=\count115
\LT@p@ftn=\toks20
))
("C:\Users\argir\AppData\Local\Programs\MiKTeX 2.9\tex\latex\float\float.sty"
Package: float 2001/11/08 v1.3d Float enhancements (AL)
\c@float@type=\count116
\float@exts=\toks21
\float@box=\box35
\@float@everytoks=\toks22
\@floatcapt=\box36
)
("C:\Users\argir\AppData\Local\Programs\MiKTeX 2.9\tex\latex\graphics\graphicx.
sty"
Package: graphicx 2017/06/01 v1.1a Enhanced LaTeX Graphics (DPC,SPQR)

("C:\Users\argir\AppData\Local\Programs\MiKTeX 2.9\tex\latex\graphics\graphics.
sty"
Package: graphics 2017/06/25 v1.2c Standard LaTeX Graphics (DPC,SPQR)

("C:\Users\argir\AppData\Local\Programs\MiKTeX 2.9\tex\latex\graphics\trig.sty"
Package: trig 2016/01/03 v1.10 sin cos tan (DPC)
)
("C:\Users\argir\AppData\Local\Programs\MiKTeX 2.9\tex\latex\graphics-cfg\graph
ics.cfg"
File: graphics.cfg 2016/06/04 v1.11 sample graphics configuration
)
Package graphics Info: Driver file: pdftex.def on input line 99.

("C:\Users\argir\AppData\Local\Programs\MiKTeX 2.9\tex\latex\graphics-def\pdfte
x.def"
File: pdftex.def 2018/01/08 v1.0l Graphics/color driver for pdftex
))
\Gin@req@height=\dimen134
\Gin@req@width=\dimen135
)
("C:\Users\argir\AppData\Local\Programs\MiKTeX 2.9\tex\latex\xcolor\xcolor.sty"
Package: xcolor 2016/05/11 v2.12 LaTeX color extensions (UK)

("C:\Users\argir\AppData\Local\Programs\MiKTeX 2.9\tex\latex\graphics-cfg\color
.cfg"
File: color.cfg 2016/01/02 v1.6 sample color configuration
)
Package xcolor Info: Driver file: pdftex.def on input line 225.

("C:\Users\argir\AppData\Local\Programs\MiKTeX 2.9\tex\latex\colortbl\colortbl.
sty"
Package: colortbl 2018/05/02 v1.0c Color table columns (DPC)
\everycr=\toks23
\minrowclearance=\skip85
)
\rownum=\count117
Package xcolor Info: Model `cmy' substituted by `cmy0' on input line 1348.
Package xcolor Info: Model `hsb' substituted by `rgb' on input line 1352.
Package xcolor Info: Model `RGB' extended on input line 1364.
Package xcolor Info: Model `HTML' substituted by `rgb' on input line 1366.
Package xcolor Info: Model `Hsb' substituted by `hsb' on input line 1367.
Package xcolor Info: Model `tHsb' substituted by `hsb' on input line 1368.
Package xcolor Info: Model `HSB' substituted by `hsb' on input line 1369.
Package xcolor Info: Model `Gray' substituted by `gray' on input line 1370.
Package xcolor Info: Model `wave' substituted by `hsb' on input line 1371.

("C:\Users\argir\AppData\Local\Programs\MiKTeX 2.9\tex\latex\graphics\dvipsnam.
def"
File: dvipsnam.def 2016/06/17 v3.0m Driver-dependent file (DPC,SPQR)
))
("C:\Users\argir\AppData\Local\Programs\MiKTeX 2.9\tex\latex\psnfss\times.sty"
Package: times 2005/04/12 PSNFSS-v9.2a (SPQR) 
)
("C:\Users\argir\AppData\Local\Programs\MiKTeX 2.9\tex\latex\listings\listings.
sty"
\lst@mode=\count118
\lst@gtempboxa=\box37
\lst@token=\toks24
\lst@length=\count119
\lst@currlwidth=\dimen136
\lst@column=\count120
\lst@pos=\count121
\lst@lostspace=\dimen137
\lst@width=\dimen138
\lst@newlines=\count122
\lst@lineno=\count123
\lst@maxwidth=\dimen139


! Package Listings Error: Couldn't load requested aspect.

See the Listings package documentation for explanation.
Type  H <return>  for immediate help.
 ...                                              
                                                  
l.2237 \lst@RequireAspects\lst@loadaspects
                                          
The following aspects weren't loadable:
    ,strings$,comments$,escape$,style$,language$,keywords$,labels$,lineshape$,f
rames$,emph$,index$
This may cause errors in the sequel.


("C:\Users\argir\AppData\Local\Programs\MiKTeX 2.9\tex\latex\listings\listings.
cfg"
File: listings.cfg 2018/09/02 1.7 listings configuration


! Package keyval Error: defaultdialect undefined.

See the keyval package documentation for explanation.
Type  H <return>  for immediate help.
 ...                                              
                                                  
l.42         defaultdialect=[97]VRML}
                                     
Try typing  <return>  to proceed.
If that doesn't work, type  X <return>  to quit.


! Package keyval Error: defaultdialect undefined.

See the keyval package documentation for explanation.
Type  H <return>  for immediate help.
 ...                                              
                                                  
l.42         defaultdialect=[97]VRML}
                                     
Try typing  <return>  to proceed.
If that doesn't work, type  X <return>  to quit.


! Package keyval Error: defaultdialect undefined.

See the keyval package documentation for explanation.
Type  H <return>  for immediate help.
 ...                                              
                                                  
l.42         defaultdialect=[97]VRML}
                                     
Try typing  <return>  to proceed.
If that doesn't work, type  X <return>  to quit.


! Package keyval Error: defaultdialect undefined.

See the keyval package documentation for explanation.
Type  H <return>  for immediate help.
 ...                                              
                                                  
l.42         defaultdialect=[97]VRML}
                                     
Try typing  <return>  to proceed.
If that doesn't work, type  X <return>  to quit.


! Package keyval Error: defaultdialect undefined.

See the keyval package documentation for explanation.
Type  H <return>  for immediate help.
 ...                                              
                                                  
l.42         defaultdialect=[97]VRML}
                                     
Try typing  <return>  to proceed.
If that doesn't work, type  X <return>  to quit.


! Package keyval Error: defaultdialect undefined.

See the keyval package documentation for explanation.
Type  H <return>  for immediate help.
 ...                                              
                                                  
l.42         defaultdialect=[97]VRML}
                                     
Try typing  <return>  to proceed.
If that doesn't work, type  X <return>  to quit.


! Package keyval Error: defaultdialect undefined.

See the keyval package documentation for explanation.
Type  H <return>  for immediate help.
 ...                                              
                                                  
l.42         defaultdialect=[97]VRML}
                                     
Try typing  <return>  to proceed.
If that doesn't work, type  X <return>  to quit.


! Package keyval Error: defaultdialect undefined.

See the keyval package documentation for explanation.
Type  H <return>  for immediate help.
 ...                                              
                                                  
l.42         defaultdialect=[97]VRML}
                                     
Try typing  <return>  to proceed.
If that doesn't work, type  X <return>  to quit.


! Package keyval Error: defaultdialect undefined.

See the keyval package documentation for explanation.
Type  H <return>  for immediate help.
 ...                                              
                                                  
l.42         defaultdialect=[97]VRML}
                                     
Try typing  <return>  to proceed.
If that doesn't work, type  X <return>  to quit.


! Package keyval Error: defaultdialect undefined.

See the keyval package documentation for explanation.
Type  H <return>  for immediate help.
 ...                                              
                                                  
l.42         defaultdialect=[97]VRML}
                                     
Try typing  <return>  to proceed.
If that doesn't work, type  X <return>  to quit.


! Package keyval Error: defaultdialect undefined.

See the keyval package documentation for explanation.
Type  H <return>  for immediate help.
 ...                                              
                                                  
l.42         defaultdialect=[97]VRML}
                                     
Try typing  <return>  to proceed.
If that doesn't work, type  X <return>  to quit.


! Package keyval Error: defaultdialect undefined.

See the keyval package documentation for explanation.
Type  H <return>  for immediate help.
 ...                                              
                                                  
l.42         defaultdialect=[97]VRML}
                                     
Try typing  <return>  to proceed.
If that doesn't work, type  X <return>  to quit.


! Package keyval Error: defaultdialect undefined.

See the keyval package documentation for explanation.
Type  H <return>  for immediate help.
 ...                                              
                                                  
l.42         defaultdialect=[97]VRML}
                                     
Try typing  <return>  to proceed.
If that doesn't work, type  X <return>  to quit.


! Package keyval Error: defaultdialect undefined.

See the keyval package documentation for explanation.
Type  H <return>  for immediate help.
 ...                                              
                                                  
l.42         defaultdialect=[97]VRML}
                                     
Try typing  <return>  to proceed.
If that doesn't work, type  X <return>  to quit.


! Package keyval Error: defaultdialect undefined.

See the keyval package documentation for explanation.
Type  H <return>  for immediate help.
 ...                                              
                                                  
l.42         defaultdialect=[97]VRML}
                                     
Try typing  <return>  to proceed.
If that doesn't work, type  X <return>  to quit.


! Package keyval Error: defaultdialect undefined.

See the keyval package documentation for explanation.
Type  H <return>  for immediate help.
 ...                                              
                                                  
l.42         defaultdialect=[97]VRML}
                                     
Try typing  <return>  to proceed.
If that doesn't work, type  X <return>  to quit.

! Undefined control sequence.
l.43 \lstalias
              []{TclTk}[tk]{tcl}
The control sequence at the end of the top line
of your error message was never \def'ed. If you have
misspelled it (e.g., `\hobx'), type `I' and the correct
spelling (e.g., `I\hbox'). Otherwise just continue,
and I'll forget about whatever was undefined.


! LaTeX Error: Missing \begin{document}.

See the LaTeX manual or LaTeX Companion for explanation.
Type  H <return>  for immediate help.
 ...                                              
                                                  
l.43 \lstalias[
               ]{TclTk}[tk]{tcl}
You're in trouble here.  Try typing  <return>  to proceed.
If that doesn't work, type  X <return>  to quit.

! Undefined control sequence.
l.44 \lstalias
              [6.1]{ABAP}[R/3 6.10]{ABAP}
The control sequence at the end of the top line
of your error message was never \def'ed. If you have
misspelled it (e.g., `\hobx'), type `I' and the correct
spelling (e.g., `I\hbox'). Otherwise just continue,
and I'll forget about whatever was undefined.

! Undefined control sequence.
l.45 \lstalias
              [3.1]{ABAP}[R/3 3.1C]{ABAP}
The control sequence at the end of the top line
of your error message was never \def'ed. If you have
misspelled it (e.g., `\hobx'), type `I' and the correct
spelling (e.g., `I\hbox'). Otherwise just continue,
and I'll forget about whatever was undefined.

! Undefined control sequence.
l.46 \lstalias
              [4.6]{ABAP}[R/3 4.6C]{ABAP}
The control sequence at the end of the top line
of your error message was never \def'ed. If you have
misspelled it (e.g., `\hobx'), type `I' and the correct
spelling (e.g., `I\hbox'). Otherwise just continue,
and I'll forget about whatever was undefined.

))
Package: listings 2018/09/02 1.7 (Carsten Heinz)


! Package keyval Error: frame undefined.

See the keyval package documentation for explanation.
Type  H <return>  for immediate help.
 ...                                              
                                                  
l.77 }
      
Try typing  <return>  to proceed.
If that doesn't work, type  X <return>  to quit.


! Package keyval Error: language undefined.

See the keyval package documentation for explanation.
Type  H <return>  for immediate help.
 ...                                              
                                                  
l.77 }
      
Try typing  <return>  to proceed.
If that doesn't work, type  X <return>  to quit.


! Package keyval Error: showstringspaces undefined.

See the keyval package documentation for explanation.
Type  H <return>  for immediate help.
 ...                                              
                                                  
l.77 }
      
Try typing  <return>  to proceed.
If that doesn't work, type  X <return>  to quit.


! Package keyval Error: numbers undefined.

See the keyval package documentation for explanation.
Type  H <return>  for immediate help.
 ...                                              
                                                  
l.77 }
      
Try typing  <return>  to proceed.
If that doesn't work, type  X <return>  to quit.


! Package keyval Error: numberstyle undefined.

See the keyval package documentation for explanation.
Type  H <return>  for immediate help.
 ...                                              
                                                  
l.77 }
      
Try typing  <return>  to proceed.
If that doesn't work, type  X <return>  to quit.


! Package keyval Error: keywordstyle undefined.

See the keyval package documentation for explanation.
Type  H <return>  for immediate help.
 ...                                              
                                                  
l.77 }
      
Try typing  <return>  to proceed.
If that doesn't work, type  X <return>  to quit.


! Package keyval Error: commentstyle undefined.

See the keyval package documentation for explanation.
Type  H <return>  for immediate help.
 ...                                              
                                                  
l.77 }
      
Try typing  <return>  to proceed.
If that doesn't work, type  X <return>  to quit.


! Package keyval Error: stringstyle undefined.

See the keyval package documentation for explanation.
Type  H <return>  for immediate help.
 ...                                              
                                                  
l.77 }
      
Try typing  <return>  to proceed.
If that doesn't work, type  X <return>  to quit.


! Package keyval Error: breaklines undefined.

See the keyval package documentation for explanation.
Type  H <return>  for immediate help.
 ...                                              
                                                  
l.77 }
      
Try typing  <return>  to proceed.
If that doesn't work, type  X <return>  to quit.


! Package keyval Error: breakatwhitespace undefined.

See the keyval package documentation for explanation.
Type  H <return>  for immediate help.
 ...                                              
                                                  
l.77 }
      
Try typing  <return>  to proceed.
If that doesn't work, type  X <return>  to quit.


! Package keyval Error: morekeywords undefined.

See the keyval package documentation for explanation.
Type  H <return>  for immediate help.
 ...                                              
                                                  
l.80 }
      
Try typing  <return>  to proceed.
If that doesn't work, type  X <return>  to quit.

)
Overfull \hbox (57.74014pt too wide) in paragraph at lines 43--2
[]\OT1/cmr/m/n/10.95 []TclTk[tk]tcl[6.1]ABAP[R/3 6.10]ABAP[3.1]ABAP[R/3 3.1C]AB
AP[4.6]ABAP[R/3
 []

(DD.aux)
\openout1 = `DD.aux'.

LaTeX Font Info:    Checking defaults for OML/cmm/m/it on input line 3.
LaTeX Font Info:    ... okay on input line 3.
LaTeX Font Info:    Checking defaults for T1/cmr/m/n on input line 3.
LaTeX Font Info:    ... okay on input line 3.
LaTeX Font Info:    Checking defaults for OT1/cmr/m/n on input line 3.
LaTeX Font Info:    ... okay on input line 3.
LaTeX Font Info:    Checking defaults for OMS/cmsy/m/n on input line 3.
LaTeX Font Info:    ... okay on input line 3.
LaTeX Font Info:    Checking defaults for OMX/cmex/m/n on input line 3.
LaTeX Font Info:    ... okay on input line 3.
LaTeX Font Info:    Checking defaults for U/cmr/m/n on input line 3.
LaTeX Font Info:    ... okay on input line 3.
LaTeX Font Info:    Checking defaults for PD1/pdf/m/n on input line 3.
LaTeX Font Info:    ... okay on input line 3.
LaTeX Font Info:    Try loading font information for OT1+ptm on input line 3.

("C:\Users\argir\AppData\Local\Programs\MiKTeX 2.9\tex\latex\psnfss\ot1ptm.fd"
File: ot1ptm.fd 2001/06/04 font definitions for OT1/ptm.
)
\AtBeginShipoutBox=\box38
Package hyperref Info: Link coloring ON on input line 3.

("C:\Users\argir\AppData\Local\Programs\MiKTeX 2.9\tex\latex\hyperref\nameref.s
ty"
Package: nameref 2016/05/21 v2.44 Cross-referencing by name of section

("C:\Users\argir\AppData\Local\Programs\MiKTeX 2.9\tex\generic\oberdiek\gettitl
estring.sty"
Package: gettitlestring 2016/05/16 v1.5 Cleanup title references (HO)
)
\c@section@level=\count124
)
LaTeX Info: Redefining \ref on input line 3.
LaTeX Info: Redefining \pageref on input line 3.
LaTeX Info: Redefining \nameref on input line 3.
 (DD.out) (DD.out)
\@outlinefile=\write3
\openout3 = `DD.out'.


*geometry* driver: auto-detecting
*geometry* detected driver: pdftex
*geometry* verbose mode - [ preamble ] result:
* driver: pdftex
* paper: a4paper
* layout: <same size as paper>
* layoutoffset:(h,v)=(0.0pt,0.0pt)
* modes: twoside 
* h-part:(L,W,R)=(71.13188pt, 455.24411pt, 71.13188pt)
* v-part:(T,H,B)=(85.35826pt, 688.5567pt, 71.13188pt)
* \paperwidth=597.50787pt
* \paperheight=845.04684pt
* \textwidth=455.24411pt
* \textheight=688.5567pt
* \oddsidemargin=-1.1381pt
* \evensidemargin=-1.1381pt
* \topmargin=-18.82864pt
* \headheight=12.0pt
* \headsep=19.91692pt
* \topskip=11.0pt
* \footskip=30.0pt
* \marginparwidth=113.0pt
* \marginparsep=10.0pt
* \columnsep=10.0pt
* \skip\footins=10.0pt plus 4.0pt minus 2.0pt
* \hoffset=0.0pt
* \voffset=0.0pt
* \mag=1000
* \@twocolumnfalse
* \@twosidetrue
* \@mparswitchtrue
* \@reversemarginfalse
* (1in=72.27pt=25.4mm, 1cm=28.453pt)


("C:\Users\argir\AppData\Local\Programs\MiKTeX 2.9\tex\context\base\supp-pdf.mk
ii"
[Loading MPS to PDF converter (version 2006.09.02).]
\scratchcounter=\count125
\scratchdimen=\dimen140
\scratchbox=\box39
\nofMPsegments=\count126
\nofMParguments=\count127
\everyMPshowfont=\toks25
\MPscratchCnt=\count128
\MPscratchDim=\dimen141
\MPnumerator=\count129
\makeMPintoPDFobject=\count130
\everyMPtoPDFconversion=\toks26
)
("C:\Users\argir\AppData\Local\Programs\MiKTeX 2.9\tex\latex\oberdiek\epstopdf-
base.sty"
Package: epstopdf-base 2016/05/15 v2.6 Base part for package epstopdf

("C:\Users\argir\AppData\Local\Programs\MiKTeX 2.9\tex\latex\oberdiek\grfext.st
y"
Package: grfext 2016/05/16 v1.2 Manage graphics extensions (HO)
)
Package epstopdf-base Info: Redefining graphics rule for `.eps' on input line 4
38.
Package grfext Info: Graphics extension search list:
(grfext)             [.pdf,.png,.jpg,.mps,.jpeg,.jbig2,.jb2,.PDF,.PNG,.JPG,.JPE
G,.JBIG2,.JB2,.eps]
(grfext)             \AppendGraphicsExtensions on input line 456.
)
\c@lstlisting=\count131
 [1

{C:/Users/argir/AppData/Local/MiKTeX/2.9/pdftex/config/pdftex.map}]
LaTeX Font Info:    External font `cmex10' loaded for size
(Font)              <10.95> on input line 13.
LaTeX Font Info:    External font `cmex10' loaded for size
(Font)              <8> on input line 13.
LaTeX Font Info:    External font `cmex10' loaded for size
(Font)              <6> on input line 13.
File: images/PolimiLogo.png Graphic file (type png)
<use images/PolimiLogo.png>
Package pdftex.def Info: images/PolimiLogo.png  used on input line 15.
(pdftex.def)             Requested size: 202.75699pt x 62.7342pt.

Underfull \hbox (badness 10000) in paragraph at lines 16--17

 []

LaTeX Font Info:    Font shape `OT1/ptm/bx/n' in size <24.88> not available
(Font)              Font shape `OT1/ptm/b/n' tried instead on input line 21.
pdfTeX warning (ext4): destination with the same identifier (name{page.1}) has 
been already used, duplicate ignored
<to be read again> 
                   \relax 
l.23 \end{titlepage}
                     [1 <./images/PolimiLogo.png>] [2] (DD.toc)
\tf@toc=\write4
\openout4 = `DD.toc'.

 [3

]
Chapter 1.
(sections/introduction.tex
LaTeX Font Info:    Font shape `OT1/ptm/bx/n' in size <14.4> not available
(Font)              Font shape `OT1/ptm/b/n' tried instead on input line 1.
LaTeX Font Info:    Try loading font information for OMS+ptm on input line 7.

("C:\Users\argir\AppData\Local\Programs\MiKTeX 2.9\tex\latex\psnfss\omsptm.fd"
File: omsptm.fd 
)
LaTeX Font Info:    Font shape `OMS/ptm/m/n' in size <10.95> not available
(Font)              Font shape `OMS/cmsy/m/n' tried instead on input line 7.
[4


]) [5]
Chapter 2.
(sections/architecturalDesign.tex
LaTeX Font Info:    Font shape `OT1/ptm/bx/n' in size <12> not available
(Font)              Font shape `OT1/ptm/b/n' tried instead on input line 5.
<sections/architecturalDesign/BackboneDiagram.png, id=208, 2204.235pt x 487.822
5pt>
File: sections/architecturalDesign/BackboneDiagram.png Graphic file (type png)
<use sections/architecturalDesign/BackboneDiagram.png>
Package pdftex.def Info: sections/architecturalDesign/BackboneDiagram.png  used
 on input line 8.
(pdftex.def)             Requested size: 455.24411pt x 100.74861pt.
LaTeX Font Info:    Font shape `OT1/ptm/bx/it' in size <10.95> not available
(Font)              Font shape `OT1/ptm/b/it' tried instead on input line 11.
 [6


pdfTeX warning (ext4): destination with the same identifier (name{figure.2.1}) 
has been already used, duplicate ignored

\AtBegShi@Output ...ipout \box \AtBeginShipoutBox 
                                                  \fi \fi 
l.15 \clearpage
                <./sections/architecturalDesign/BackboneDiagram.png>]
<sections/architecturalDesign/D4HDiagram.png, id=221, 2694.065pt x 1108.14pt>
File: sections/architecturalDesign/D4HDiagram.png Graphic file (type png)
<use sections/architecturalDesign/D4HDiagram.png>
Package pdftex.def Info: sections/architecturalDesign/D4HDiagram.png  used on i
nput line 19.
(pdftex.def)             Requested size: 455.24411pt x 187.24841pt.
 [7

pdfTeX warning (ext4): destination with the same identifier (name{figure.2.2}) 
has been already used, duplicate ignored

\AtBegShi@Output ...ipout \box \AtBeginShipoutBox 
                                                  \fi \fi 
l.24 \clearpage
                <./sections/architecturalDesign/D4HDiagram.png>]
<sections/architecturalDesign/ASOSDiagram.png, id=230, 2533.465pt x 798.985pt>
File: sections/architecturalDesign/ASOSDiagram.png Graphic file (type png)
<use sections/architecturalDesign/ASOSDiagram.png>
Package pdftex.def Info: sections/architecturalDesign/ASOSDiagram.png  used on 
input line 29.
(pdftex.def)             Requested size: 455.24411pt x 143.56726pt.
 [8

pdfTeX warning (ext4): destination with the same identifier (name{figure.2.3}) 
has been already used, duplicate ignored

\AtBegShi@Output ...ipout \box \AtBeginShipoutBox 
                                                  \fi \fi 
l.36 \clearpage
                <./sections/architecturalDesign/ASOSDiagram.png>]
<sections/architecturalDesign/T4RDiagram.png, id=241, 2485.285pt x 1489.565pt>
File: sections/architecturalDesign/T4RDiagram.png Graphic file (type png)
<use sections/architecturalDesign/T4RDiagram.png>
Package pdftex.def Info: sections/architecturalDesign/T4RDiagram.png  used on i
nput line 41.
(pdftex.def)             Requested size: 455.24411pt x 272.83774pt.
 [9

pdfTeX warning (ext4): destination with the same identifier (name{figure.2.4}) 
has been already used, duplicate ignored

\AtBegShi@Output ...ipout \box \AtBeginShipoutBox 
                                                  \fi \fi 
l.47 \clearpage
                <./sections/architecturalDesign/T4RDiagram.png>]
<sections/architecturalDesign/ComponentDiagram.png, id=251, 2995.19pt x 2431.08
25pt>
File: sections/architecturalDesign/ComponentDiagram.png Graphic file (type png)

<use sections/architecturalDesign/ComponentDiagram.png>
Package pdftex.def Info: sections/architecturalDesign/ComponentDiagram.png  use
d on input line 52.
(pdftex.def)             Requested size: 455.24411pt x 369.50613pt.
)
Underfull \vbox (badness 10000) has occurred while \output is active []

 [10

pdfTeX warning (ext4): destination with the same identifier (name{figure.2.5}) 
has been already used, duplicate ignored

\AtBegShi@Output ...ipout \box \AtBeginShipoutBox 
                                                  \fi \fi 
l.57 \clearpage
                <./sections/architecturalDesign/ComponentDiagram.png>] [11]
Chapter 3.
(sections/userInterfaceDesign.tex) [12


]
Chapter 4.
(sections/requirementsTraceability.tex) [13


]
Chapter 5.
(sections/implementationIntegrationTestplan.tex) [14


]
Chapter 6.
(sections/effort.tex [15


] [16

]) [17

]
Chapter 7.
(sections/references.tex)
Package atveryend Info: Empty hook `BeforeClearDocument' on input line 84.
 [18


]
Package atveryend Info: Empty hook `AfterLastShipout' on input line 84.
 (DD.aux)
Package atveryend Info: Executing hook `AtVeryEndDocument' on input line 84.
Package atveryend Info: Executing hook `AtEndAfterFileList' on input line 84.
Package rerunfilecheck Info: File `DD.out' has not changed.
(rerunfilecheck)             Checksum: ECEBF42E3C0C3B45CD9D0B357FAB0BBE;1972.
Package atveryend Info: Empty hook `AtVeryVeryEnd' on input line 84.
 ) 
Here is how much of TeX's memory you used:
 8190 strings out of 493305
 122369 string characters out of 3129802
 226987 words of memory out of 3000000
 11548 multiletter control sequences out of 15000+200000
 20928 words of font info for 42 fonts, out of 3000000 for 9000
 1141 hyphenation exceptions out of 8191
 43i,21n,35p,379b,567s stack positions out of 5000i,500n,10000p,200000b,50000s
{C:/Users/argir/AppData/Local/Programs/MiKTeX 2.9/fonts/enc/dvips/base/8r.enc
}<C:/Users/argir/AppData/Local/Programs/MiKTeX 2.9/fonts/type1/public/amsfonts/
cm/cmr10.pfb><C:/Users/argir/AppData/Local/Programs/MiKTeX 2.9/fonts/type1/publ
ic/amsfonts/cm/cmsy10.pfb><C:/Users/argir/AppData/Local/Programs/MiKTeX 2.9/fon
ts/type1/urw/times/utmb8a.pfb><C:/Users/argir/AppData/Local/Programs/MiKTeX 2.9
/fonts/type1/urw/times/utmbi8a.pfb><C:/Users/argir/AppData/Local/Programs/MiKTe
X 2.9/fonts/type1/urw/times/utmr8a.pfb><C:/Users/argir/AppData/Local/Programs/M
iKTeX 2.9/fonts/type1/urw/times/utmri8a.pfb>
Output written on DD.pdf (19 pages, 852196 bytes).
PDF statistics:
 337 PDF objects out of 1000 (max. 8388607)
 76 named destinations out of 1000 (max. 500000)
 287 words of extra memory for PDF output out of 10000 (max. 10000000)

