\BOOKMARK [1][-]{Doc-Start}{Table of Contents}{}% 1
\BOOKMARK [0][-]{chapter.1}{Introduction}{}% 2
\BOOKMARK [1][-]{section.1.1}{Purpose}{chapter.1}% 3
\BOOKMARK [1][-]{section.1.2}{Scope}{chapter.1}% 4
\BOOKMARK [1][-]{section.1.3}{Definitions}{chapter.1}% 5
\BOOKMARK [1][-]{section.1.4}{Acronyms}{chapter.1}% 6
\BOOKMARK [1][-]{section.1.5}{Abbreviations}{chapter.1}% 7
\BOOKMARK [1][-]{section.1.6}{Revision history}{chapter.1}% 8
\BOOKMARK [1][-]{section.1.7}{Document Structure}{chapter.1}% 9
\BOOKMARK [0][-]{chapter.2}{Architectural Design}{}% 10
\BOOKMARK [1][-]{section.2.1}{Overview}{chapter.2}% 11
\BOOKMARK [1][-]{section.2.2}{Component view}{chapter.2}% 12
\BOOKMARK [2][-]{subsection.2.2.1}{Backbone}{section.2.2}% 13
\BOOKMARK [2][-]{subsection.2.2.2}{Data4Help}{section.2.2}% 14
\BOOKMARK [2][-]{subsection.2.2.3}{AutomatedSOS}{section.2.2}% 15
\BOOKMARK [2][-]{subsection.2.2.4}{Track4Run}{section.2.2}% 16
\BOOKMARK [2][-]{subsection.2.2.5}{Full system}{section.2.2}% 17
\BOOKMARK [1][-]{section.2.3}{Deployment view}{chapter.2}% 18
\BOOKMARK [1][-]{section.2.4}{Runtime view}{chapter.2}% 19
\BOOKMARK [1][-]{section.2.5}{Component interfaces}{chapter.2}% 20
\BOOKMARK [1][-]{section.2.6}{Selected architectural styles and patterns}{chapter.2}% 21
\BOOKMARK [1][-]{section.2.7}{Other design decisions}{chapter.2}% 22
\BOOKMARK [0][-]{chapter.3}{User Interface Design}{}% 23
\BOOKMARK [0][-]{chapter.4}{Requirements Traceability}{}% 24
\BOOKMARK [0][-]{chapter.5}{Implementation, Integration and Test plan}{}% 25
\BOOKMARK [0][-]{chapter.6}{Effort Spent}{}% 26
\BOOKMARK [1][-]{section.6.1}{ARGIRO' ANNA SOFIA}{chapter.6}% 27
\BOOKMARK [1][-]{section.6.2}{BATTAGLIA GABRIELE}{chapter.6}% 28
\BOOKMARK [1][-]{section.6.3}{CASASOLE BERNARDO}{chapter.6}% 29
\BOOKMARK [0][-]{chapter.7}{References}{}% 30
\BOOKMARK [1][-]{section.7.1}{Reference Documents}{chapter.7}% 31
\BOOKMARK [1][-]{section.7.2}{Software}{chapter.7}% 32
