This is pdfTeX, Version 3.14159265-2.6-1.40.19 (MiKTeX 2.9.6630 64-bit) (preloaded format=pdflatex 2018.5.3)  11 NOV 2018 16:24
entering extended mode
**D:/Users/gbatt/Desktop/ArgiroBattagliaCasasole/RASD/RASD.tex
(D:/Users/gbatt/Desktop/ArgiroBattagliaCasasole/RASD/RASD.tex
LaTeX2e <2017-04-15>
Babel <3.18> and hyphenation patterns for 75 language(s) loaded.
(D:/Users/gbatt/Desktop/ArgiroBattagliaCasasole/RASD\packages.tex
("D:\Users\gbatt\AppData\Local\Programs\MiKTeX 2.9\tex\latex\base\report.cls"
Document Class: report 2014/09/29 v1.4h Standard LaTeX document class
("D:\Users\gbatt\AppData\Local\Programs\MiKTeX 2.9\tex\latex\base\size11.clo"
File: size11.clo 2014/09/29 v1.4h Standard LaTeX file (size option)
)
\c@part=\count79
\c@chapter=\count80
\c@section=\count81
\c@subsection=\count82
\c@subsubsection=\count83
\c@paragraph=\count84
\c@subparagraph=\count85
\c@figure=\count86
\c@table=\count87
\abovecaptionskip=\skip41
\belowcaptionskip=\skip42
\bibindent=\dimen102
)
("D:\Users\gbatt\AppData\Local\Programs\MiKTeX 2.9\tex\latex\hyperref\hyperref.
sty"
Package: hyperref 2018/02/06 v6.86b Hypertext links for LaTeX

("D:\Users\gbatt\AppData\Local\Programs\MiKTeX 2.9\tex\generic\oberdiek\hobsub-
hyperref.sty"
Package: hobsub-hyperref 2016/05/16 v1.14 Bundle oberdiek, subset hyperref (HO)


("D:\Users\gbatt\AppData\Local\Programs\MiKTeX 2.9\tex\generic\oberdiek\hobsub-
generic.sty"
Package: hobsub-generic 2016/05/16 v1.14 Bundle oberdiek, subset generic (HO)
Package: hobsub 2016/05/16 v1.14 Construct package bundles (HO)
Package: infwarerr 2016/05/16 v1.4 Providing info/warning/error messages (HO)
Package: ltxcmds 2016/05/16 v1.23 LaTeX kernel commands for general use (HO)
Package: ifluatex 2016/05/16 v1.4 Provides the ifluatex switch (HO)
Package ifluatex Info: LuaTeX not detected.
Package: ifvtex 2016/05/16 v1.6 Detect VTeX and its facilities (HO)
Package ifvtex Info: VTeX not detected.
Package: intcalc 2016/05/16 v1.2 Expandable calculations with integers (HO)
Package: ifpdf 2017/03/15 v3.2 Provides the ifpdf switch
Package: etexcmds 2016/05/16 v1.6 Avoid name clashes with e-TeX commands (HO)
Package etexcmds Info: Could not find \expanded.
(etexcmds)             That can mean that you are not using pdfTeX 1.50 or
(etexcmds)             that some package has redefined \expanded.
(etexcmds)             In the latter case, load this package earlier.
Package: kvsetkeys 2016/05/16 v1.17 Key value parser (HO)
Package: kvdefinekeys 2016/05/16 v1.4 Define keys (HO)
Package: pdftexcmds 2018/01/21 v0.26 Utility functions of pdfTeX for LuaTeX (HO
)
Package pdftexcmds Info: LuaTeX not detected.
Package pdftexcmds Info: \pdf@primitive is available.
Package pdftexcmds Info: \pdf@ifprimitive is available.
Package pdftexcmds Info: \pdfdraftmode found.
Package: pdfescape 2016/05/16 v1.14 Implements pdfTeX's escape features (HO)
Package: bigintcalc 2016/05/16 v1.4 Expandable calculations on big integers (HO
)
Package: bitset 2016/05/16 v1.2 Handle bit-vector datatype (HO)
Package: uniquecounter 2016/05/16 v1.3 Provide unlimited unique counter (HO)
)
Package hobsub Info: Skipping package `hobsub' (already loaded).
Package: letltxmacro 2016/05/16 v1.5 Let assignment for LaTeX macros (HO)
Package: hopatch 2016/05/16 v1.3 Wrapper for package hooks (HO)
Package: xcolor-patch 2016/05/16 xcolor patch
Package: atveryend 2016/05/16 v1.9 Hooks at the very end of document (HO)
Package atveryend Info: \enddocument detected (standard20110627).
Package: atbegshi 2016/06/09 v1.18 At begin shipout hook (HO)
Package: refcount 2016/05/16 v3.5 Data extraction from label references (HO)
Package: hycolor 2016/05/16 v1.8 Color options for hyperref/bookmark (HO)
)
("D:\Users\gbatt\AppData\Local\Programs\MiKTeX 2.9\tex\latex\graphics\keyval.st
y"
Package: keyval 2014/10/28 v1.15 key=value parser (DPC)
\KV@toks@=\toks14
)
("D:\Users\gbatt\AppData\Local\Programs\MiKTeX 2.9\tex\generic\ifxetex\ifxetex.
sty"
Package: ifxetex 2010/09/12 v0.6 Provides ifxetex conditional
)
("D:\Users\gbatt\AppData\Local\Programs\MiKTeX 2.9\tex\latex\oberdiek\auxhook.s
ty"
Package: auxhook 2016/05/16 v1.4 Hooks for auxiliary files (HO)
)
("D:\Users\gbatt\AppData\Local\Programs\MiKTeX 2.9\tex\latex\oberdiek\kvoptions
.sty"
Package: kvoptions 2016/05/16 v3.12 Key value format for package options (HO)
)
\@linkdim=\dimen103
\Hy@linkcounter=\count88
\Hy@pagecounter=\count89

("D:\Users\gbatt\AppData\Local\Programs\MiKTeX 2.9\tex\latex\hyperref\pd1enc.de
f"
File: pd1enc.def 2018/02/06 v6.86b Hyperref: PDFDocEncoding definition (HO)
)
\Hy@SavedSpaceFactor=\count90

("D:\Users\gbatt\AppData\Local\Programs\MiKTeX 2.9\tex\latex\00miktex\hyperref.
cfg"
File: hyperref.cfg 2002/06/06 v1.2 hyperref configuration of TeXLive
)
Package hyperref Info: Hyper figures OFF on input line 4509.
Package hyperref Info: Link nesting OFF on input line 4514.
Package hyperref Info: Hyper index ON on input line 4517.
Package hyperref Info: Plain pages OFF on input line 4524.
Package hyperref Info: Backreferencing OFF on input line 4529.
Package hyperref Info: Implicit mode ON; LaTeX internals redefined.
Package hyperref Info: Bookmarks ON on input line 4762.
\c@Hy@tempcnt=\count91
 ("D:\Users\gbatt\AppData\Local\Programs\MiKTeX 2.9\tex\latex\url\url.sty"
\Urlmuskip=\muskip10
Package: url 2013/09/16  ver 3.4  Verb mode for urls, etc.
)
LaTeX Info: Redefining \url on input line 5115.
\XeTeXLinkMargin=\dimen104
\Fld@menulength=\count92
\Field@Width=\dimen105
\Fld@charsize=\dimen106
Package hyperref Info: Hyper figures OFF on input line 6369.
Package hyperref Info: Link nesting OFF on input line 6374.
Package hyperref Info: Hyper index ON on input line 6377.
Package hyperref Info: backreferencing OFF on input line 6384.
Package hyperref Info: Link coloring OFF on input line 6389.
Package hyperref Info: Link coloring with OCG OFF on input line 6394.
Package hyperref Info: PDF/A mode OFF on input line 6399.
LaTeX Info: Redefining \ref on input line 6439.
LaTeX Info: Redefining \pageref on input line 6443.
\Hy@abspage=\count93
\c@Item=\count94
\c@Hfootnote=\count95
)
Package hyperref Info: Driver (autodetected): hpdftex.

("D:\Users\gbatt\AppData\Local\Programs\MiKTeX 2.9\tex\latex\hyperref\hpdftex.d
ef"
File: hpdftex.def 2018/02/06 v6.86b Hyperref driver for pdfTeX
\Fld@listcount=\count96
\c@bookmark@seq@number=\count97

("D:\Users\gbatt\AppData\Local\Programs\MiKTeX 2.9\tex\latex\oberdiek\rerunfile
check.sty"
Package: rerunfilecheck 2016/05/16 v1.8 Rerun checks for auxiliary files (HO)
Package uniquecounter Info: New unique counter `rerunfilecheck' on input line 2
82.
)
\Hy@SectionHShift=\skip43
)
Package hyperref Info: Option `colorlinks' set `true' on input line 9.

("D:\Users\gbatt\AppData\Local\Programs\MiKTeX 2.9\tex\latex\geometry\geometry.
sty"
Package: geometry 2010/09/12 v5.6 Page Geometry
\Gm@cnth=\count98
\Gm@cntv=\count99
\c@Gm@tempcnt=\count100
\Gm@bindingoffset=\dimen107
\Gm@wd@mp=\dimen108
\Gm@odd@mp=\dimen109
\Gm@even@mp=\dimen110
\Gm@layoutwidth=\dimen111
\Gm@layoutheight=\dimen112
\Gm@layouthoffset=\dimen113
\Gm@layoutvoffset=\dimen114
\Gm@dimlist=\toks15

("D:\Users\gbatt\AppData\Local\Programs\MiKTeX 2.9\tex\latex\geometry\geometry.
cfg"))

Package geometry Warning: Over-specification in `h'-direction.
    `width' (597.50787pt) is ignored.


Package geometry Warning: Over-specification in `v'-direction.
    `height' (845.04684pt) is ignored.


("D:\Users\gbatt\AppData\Local\Programs\MiKTeX 2.9\tex\latex\tocloft\tocloft.st
y"
Package: tocloft 2017/08/31 v2.3i parameterised ToC, etc., typesetting
Package tocloft Info: The document has chapter divisions on input line 51.
\cftparskip=\skip44
\cftbeforetoctitleskip=\skip45
\cftaftertoctitleskip=\skip46
\cftbeforepartskip=\skip47
\cftpartnumwidth=\skip48
\cftpartindent=\skip49
\cftbeforechapskip=\skip50
\cftchapindent=\skip51
\cftchapnumwidth=\skip52
\cftbeforesecskip=\skip53
\cftsecindent=\skip54
\cftsecnumwidth=\skip55
\cftbeforesubsecskip=\skip56
\cftsubsecindent=\skip57
\cftsubsecnumwidth=\skip58
\cftbeforesubsubsecskip=\skip59
\cftsubsubsecindent=\skip60
\cftsubsubsecnumwidth=\skip61
\cftbeforeparaskip=\skip62
\cftparaindent=\skip63
\cftparanumwidth=\skip64
\cftbeforesubparaskip=\skip65
\cftsubparaindent=\skip66
\cftsubparanumwidth=\skip67
\cftbeforeloftitleskip=\skip68
\cftafterloftitleskip=\skip69
\cftbeforefigskip=\skip70
\cftfigindent=\skip71
\cftfignumwidth=\skip72
\c@lofdepth=\count101
\c@lotdepth=\count102
\cftbeforelottitleskip=\skip73
\cftafterlottitleskip=\skip74
\cftbeforetabskip=\skip75
\cfttabindent=\skip76
\cfttabnumwidth=\skip77
) ("D:\Users\gbatt\AppData\Local\Programs\MiKTeX 2.9\tex\latex\tabu\tabu.sty"
Package: tabu 2011/02/26 v2.8 - flexible LaTeX tabulars (FC)
("D:\Users\gbatt\AppData\Local\Programs\MiKTeX 2.9\tex\latex\tools\array.sty"
Package: array 2016/10/06 v2.4d Tabular extension package (FMi)
\col@sep=\dimen115
\extrarowheight=\dimen116
\NC@list=\toks16
\extratabsurround=\skip78
\backup@length=\skip79
)
("D:\Users\gbatt\AppData\Local\Programs\MiKTeX 2.9\tex\latex\ltxmisc\varwidth.s
ty"
Package: varwidth 2009/03/30 ver 0.92;  Variable-width minipages
\@vwid@box=\box26
\sift@deathcycles=\count103
\@vwid@loff=\dimen117
\@vwid@roff=\dimen118
)
\c@taburow=\count104
\tabu@nbcols=\count105
\tabu@cnt=\count106
\tabu@Xcol=\count107
\tabu@alloc=\count108
\tabu@nested=\count109
\tabu@target=\dimen119
\tabu@spreadtarget=\dimen120
\tabu@naturalX=\dimen121
\tabucolX=\dimen122
\tabu@Xsum=\dimen123
\extrarowdepth=\dimen124
\abovetabulinesep=\dimen125
\belowtabulinesep=\dimen126
\tabustrutrule=\dimen127
\tabu@thebody=\toks17
\tabu@footnotes=\toks18
\tabu@box=\box27
\tabu@arstrutbox=\box28
\tabu@hleads=\box29
\tabu@vleads=\box30
\tabu@cellskip=\skip80
)
("D:\Users\gbatt\AppData\Local\Programs\MiKTeX 2.9\tex\latex\tools\tabularx.sty
"
Package: tabularx 2016/02/03 v2.11 `tabularx' package (DPC)
\TX@col@width=\dimen128
\TX@old@table=\dimen129
\TX@old@col=\dimen130
\TX@target=\dimen131
\TX@delta=\dimen132
\TX@cols=\count110
\TX@ftn=\toks19
)
("D:\Users\gbatt\AppData\Local\Programs\MiKTeX 2.9\tex\latex\ltablex\ltablex.st
y"
Package: ltablex 2014/08/13 v1.1 Modified tabularx

("D:\Users\gbatt\AppData\Local\Programs\MiKTeX 2.9\tex\latex\tools\longtable.st
y"
Package: longtable 2014/10/28 v4.11 Multi-page Table package (DPC)
\LTleft=\skip81
\LTright=\skip82
\LTpre=\skip83
\LTpost=\skip84
\LTchunksize=\count111
\LTcapwidth=\dimen133
\LT@head=\box31
\LT@firsthead=\box32
\LT@foot=\box33
\LT@lastfoot=\box34
\LT@cols=\count112
\LT@rows=\count113
\c@LT@tables=\count114
\c@LT@chunks=\count115
\LT@p@ftn=\toks20
))
("D:\Users\gbatt\AppData\Local\Programs\MiKTeX 2.9\tex\latex\float\float.sty"
Package: float 2001/11/08 v1.3d Float enhancements (AL)
\c@float@type=\count116
\float@exts=\toks21
\float@box=\box35
\@float@everytoks=\toks22
\@floatcapt=\box36
)
("D:\Users\gbatt\AppData\Local\Programs\MiKTeX 2.9\tex\latex\graphics\graphicx.
sty"
Package: graphicx 2017/06/01 v1.1a Enhanced LaTeX Graphics (DPC,SPQR)

("D:\Users\gbatt\AppData\Local\Programs\MiKTeX 2.9\tex\latex\graphics\graphics.
sty"
Package: graphics 2017/06/25 v1.2c Standard LaTeX Graphics (DPC,SPQR)

("D:\Users\gbatt\AppData\Local\Programs\MiKTeX 2.9\tex\latex\graphics\trig.sty"
Package: trig 2016/01/03 v1.10 sin cos tan (DPC)
)
("D:\Users\gbatt\AppData\Local\Programs\MiKTeX 2.9\tex\latex\graphics-cfg\graph
ics.cfg"
File: graphics.cfg 2016/06/04 v1.11 sample graphics configuration
)
Package graphics Info: Driver file: pdftex.def on input line 99.

("D:\Users\gbatt\AppData\Local\Programs\MiKTeX 2.9\tex\latex\graphics-def\pdfte
x.def"
File: pdftex.def 2018/01/08 v1.0l Graphics/color driver for pdftex
))
\Gin@req@height=\dimen134
\Gin@req@width=\dimen135
)
("D:\Users\gbatt\AppData\Local\Programs\MiKTeX 2.9\tex\latex\xcolor\xcolor.sty"
Package: xcolor 2016/05/11 v2.12 LaTeX color extensions (UK)

("D:\Users\gbatt\AppData\Local\Programs\MiKTeX 2.9\tex\latex\graphics-cfg\color
.cfg"
File: color.cfg 2016/01/02 v1.6 sample color configuration
)
Package xcolor Info: Driver file: pdftex.def on input line 225.

("D:\Users\gbatt\AppData\Local\Programs\MiKTeX 2.9\tex\latex\colortbl\colortbl.
sty"
Package: colortbl 2018/05/02 v1.0c Color table columns (DPC)
\everycr=\toks23
\minrowclearance=\skip85
)
\rownum=\count117
Package xcolor Info: Model `cmy' substituted by `cmy0' on input line 1348.
Package xcolor Info: Model `hsb' substituted by `rgb' on input line 1352.
Package xcolor Info: Model `RGB' extended on input line 1364.
Package xcolor Info: Model `HTML' substituted by `rgb' on input line 1366.
Package xcolor Info: Model `Hsb' substituted by `hsb' on input line 1367.
Package xcolor Info: Model `tHsb' substituted by `hsb' on input line 1368.
Package xcolor Info: Model `HSB' substituted by `hsb' on input line 1369.
Package xcolor Info: Model `Gray' substituted by `gray' on input line 1370.
Package xcolor Info: Model `wave' substituted by `hsb' on input line 1371.

("D:\Users\gbatt\AppData\Local\Programs\MiKTeX 2.9\tex\latex\graphics\dvipsnam.
def"
File: dvipsnam.def 2016/06/17 v3.0m Driver-dependent file (DPC,SPQR)
))
("D:\Users\gbatt\AppData\Local\Programs\MiKTeX 2.9\tex\latex\psnfss\times.sty"
Package: times 2005/04/12 PSNFSS-v9.2a (SPQR) 
)
("D:\Users\gbatt\AppData\Local\Programs\MiKTeX 2.9\tex\latex\pdfpages\pdfpages.
sty"
Package: pdfpages 2017/10/31 v0.5l Insert pages of external PDF documents (AM)

("D:\Users\gbatt\AppData\Local\Programs\MiKTeX 2.9\tex\latex\base\ifthen.sty"
Package: ifthen 2014/09/29 v1.1c Standard LaTeX ifthen package (DPC)
)
("D:\Users\gbatt\AppData\Local\Programs\MiKTeX 2.9\tex\latex\tools\calc.sty"
Package: calc 2014/10/28 v4.3 Infix arithmetic (KKT,FJ)
\calc@Acount=\count118
\calc@Bcount=\count119
\calc@Adimen=\dimen136
\calc@Bdimen=\dimen137
\calc@Askip=\skip86
\calc@Bskip=\skip87
LaTeX Info: Redefining \setlength on input line 80.
LaTeX Info: Redefining \addtolength on input line 81.
\calc@Ccount=\count120
\calc@Cskip=\skip88
)
("D:\Users\gbatt\AppData\Local\Programs\MiKTeX 2.9\tex\latex\eso-pic\eso-pic.st
y"
Package: eso-pic 2015/07/21 v2.0g eso-pic (RN)
)
\AM@pagewidth=\dimen138
\AM@pageheight=\dimen139

("D:\Users\gbatt\AppData\Local\Programs\MiKTeX 2.9\tex\latex\pdfpages\pppdftex.
def"
File: pppdftex.def 2017/10/31 v0.5l Pdfpages driver for pdfTeX (AM)
)
\AM@pagebox=\box37
\AM@global@opts=\toks24
\AM@toc@title=\toks25
\c@AM@survey=\count121
\AM@templatesizebox=\box38
)
("D:\Users\gbatt\AppData\Local\Programs\MiKTeX 2.9\tex\latex\listings\listings.
sty"
\lst@mode=\count122
\lst@gtempboxa=\box39
\lst@token=\toks26
\lst@length=\count123
\lst@currlwidth=\dimen140
\lst@column=\count124
\lst@pos=\count125
\lst@lostspace=\dimen141
\lst@width=\dimen142
\lst@newlines=\count126
\lst@lineno=\count127
\lst@maxwidth=\dimen143

("D:\Users\gbatt\AppData\Local\Programs\MiKTeX 2.9\tex\latex\listings\lstmisc.s
ty"
File: lstmisc.sty 2018/09/02 1.7 (Carsten Heinz)
\c@lstnumber=\count128
\lst@skipnumbers=\count129
\lst@framebox=\box40
)
("D:\Users\gbatt\AppData\Local\Programs\MiKTeX 2.9\tex\latex\listings\listings.
cfg"
File: listings.cfg 2018/09/02 1.7 listings configuration
))
Package: listings 2018/09/02 1.7 (Carsten Heinz)

("D:\Users\gbatt\AppData\Local\Programs\MiKTeX 2.9\tex\latex\listings\lstlang1.
sty"
File: lstlang1.sty 2018/09/02 1.7 listings language file
))
No file RASD.aux.
\openout1 = `RASD.aux'.

LaTeX Font Info:    Checking defaults for OML/cmm/m/it on input line 3.
LaTeX Font Info:    ... okay on input line 3.
LaTeX Font Info:    Checking defaults for T1/cmr/m/n on input line 3.
LaTeX Font Info:    ... okay on input line 3.
LaTeX Font Info:    Checking defaults for OT1/cmr/m/n on input line 3.
LaTeX Font Info:    ... okay on input line 3.
LaTeX Font Info:    Checking defaults for OMS/cmsy/m/n on input line 3.
LaTeX Font Info:    ... okay on input line 3.
LaTeX Font Info:    Checking defaults for OMX/cmex/m/n on input line 3.
LaTeX Font Info:    ... okay on input line 3.
LaTeX Font Info:    Checking defaults for U/cmr/m/n on input line 3.
LaTeX Font Info:    ... okay on input line 3.
LaTeX Font Info:    Checking defaults for PD1/pdf/m/n on input line 3.
LaTeX Font Info:    ... okay on input line 3.
LaTeX Font Info:    Try loading font information for OT1+ptm on input line 3.
("D:\Users\gbatt\AppData\Local\Programs\MiKTeX 2.9\tex\latex\psnfss\ot1ptm.fd"
File: ot1ptm.fd 2001/06/04 font definitions for OT1/ptm.
)
\AtBeginShipoutBox=\box41
Package hyperref Info: Link coloring ON on input line 3.

("D:\Users\gbatt\AppData\Local\Programs\MiKTeX 2.9\tex\latex\hyperref\nameref.s
ty"
Package: nameref 2016/05/21 v2.44 Cross-referencing by name of section

("D:\Users\gbatt\AppData\Local\Programs\MiKTeX 2.9\tex\generic\oberdiek\gettitl
estring.sty"
Package: gettitlestring 2016/05/16 v1.5 Cleanup title references (HO)
)
\c@section@level=\count130
)
LaTeX Info: Redefining \ref on input line 3.
LaTeX Info: Redefining \pageref on input line 3.
LaTeX Info: Redefining \nameref on input line 3.
\@outlinefile=\write3
\openout3 = `RASD.out'.


*geometry* driver: auto-detecting
*geometry* detected driver: pdftex
*geometry* verbose mode - [ preamble ] result:
* driver: pdftex
* paper: a4paper
* layout: <same size as paper>
* layoutoffset:(h,v)=(0.0pt,0.0pt)
* modes: twoside 
* h-part:(L,W,R)=(71.13188pt, 455.24411pt, 71.13188pt)
* v-part:(T,H,B)=(85.35826pt, 688.5567pt, 71.13188pt)
* \paperwidth=597.50787pt
* \paperheight=845.04684pt
* \textwidth=455.24411pt
* \textheight=688.5567pt
* \oddsidemargin=-1.1381pt
* \evensidemargin=-1.1381pt
* \topmargin=-18.82864pt
* \headheight=12.0pt
* \headsep=19.91692pt
* \topskip=11.0pt
* \footskip=30.0pt
* \marginparwidth=113.0pt
* \marginparsep=10.0pt
* \columnsep=10.0pt
* \skip\footins=10.0pt plus 4.0pt minus 2.0pt
* \hoffset=0.0pt
* \voffset=0.0pt
* \mag=1000
* \@twocolumnfalse
* \@twosidetrue
* \@mparswitchtrue
* \@reversemarginfalse
* (1in=72.27pt=25.4mm, 1cm=28.453pt)


("D:\Users\gbatt\AppData\Local\Programs\MiKTeX 2.9\tex\context\base\supp-pdf.mk
ii"
[Loading MPS to PDF converter (version 2006.09.02).]
\scratchcounter=\count131
\scratchdimen=\dimen144
\scratchbox=\box42
\nofMPsegments=\count132
\nofMParguments=\count133
\everyMPshowfont=\toks27
\MPscratchCnt=\count134
\MPscratchDim=\dimen145
\MPnumerator=\count135
\makeMPintoPDFobject=\count136
\everyMPtoPDFconversion=\toks28
)
("D:\Users\gbatt\AppData\Local\Programs\MiKTeX 2.9\tex\latex\oberdiek\epstopdf-
base.sty"
Package: epstopdf-base 2016/05/15 v2.6 Base part for package epstopdf

("D:\Users\gbatt\AppData\Local\Programs\MiKTeX 2.9\tex\latex\oberdiek\grfext.st
y"
Package: grfext 2016/05/16 v1.2 Manage graphics extensions (HO)
)
Package epstopdf-base Info: Redefining graphics rule for `.eps' on input line 4
38.
Package grfext Info: Graphics extension search list:
(grfext)             [.pdf,.png,.jpg,.mps,.jpeg,.jbig2,.jb2,.PDF,.PNG,.JPG,.JPE
G,.JBIG2,.JB2,.eps]
(grfext)             \AppendGraphicsExtensions on input line 456.
)
("D:\Users\gbatt\AppData\Local\Programs\MiKTeX 2.9\tex\latex\oberdiek\pdflscape
.sty"
Package: pdflscape 2016/05/14 v0.11 Display of landscape pages in PDF (HO)

("D:\Users\gbatt\AppData\Local\Programs\MiKTeX 2.9\tex\latex\graphics\lscape.st
y"
Package: lscape 2000/10/22 v3.01 Landscape Pages (DPC)
)
Package pdflscape Info: Auto-detected driver: pdftex on input line 81.
)
\c@lstlisting=\count137
LaTeX Font Info:    External font `cmex10' loaded for size
(Font)              <10.95> on input line 13.
LaTeX Font Info:    External font `cmex10' loaded for size
(Font)              <8> on input line 13.
LaTeX Font Info:    External font `cmex10' loaded for size
(Font)              <6> on input line 13.
File: images/PolimiLogo.png Graphic file (type png)
<use images/PolimiLogo.png>
Package pdftex.def Info: images/PolimiLogo.png  used on input line 15.
(pdftex.def)             Requested size: 202.75699pt x 62.7342pt.

Underfull \hbox (badness 10000) in paragraph at lines 16--17

 []

LaTeX Font Info:    Font shape `OT1/ptm/bx/n' in size <24.88> not available
(Font)              Font shape `OT1/ptm/b/n' tried instead on input line 21.
[1{C:/Users/gbatt/AppData/Local/MiKTeX/2.9/pdftex/config/pdftex.map}

 <D:/Users/gbatt/Desktop/ArgiroBattagliaCasasole/RASD/images/PolimiLogo.png>] [
2]
\tf@toc=\write4
\openout4 = `RASD.toc'.

 [3

]
Chapter 1.
(D:/Users/gbatt/Desktop/ArgiroBattagliaCasasole/RASD\sections/introduction.tex
LaTeX Font Info:    Font shape `OT1/ptm/bx/n' in size <14.4> not available
(Font)              Font shape `OT1/ptm/b/n' tried instead on input line 1.
LaTeX Font Info:    Font shape `OT1/ptm/bx/n' in size <12> not available
(Font)              Font shape `OT1/ptm/b/n' tried instead on input line 2.
Missing character: There is no ‚ in font ptmr7t!
Missing character: There is no Ä in font ptmr7t!
Missing character: There is no ô in font ptmr7t!

Underfull \hbox (badness 10000) in paragraph at lines 29--41

 []


Underfull \hbox (badness 10000) in paragraph at lines 29--41

 []


Underfull \hbox (badness 10000) in paragraph at lines 29--41

 []

[4


]
LaTeX Font Info:    Try loading font information for OMS+ptm on input line 43.

("D:\Users\gbatt\AppData\Local\Programs\MiKTeX 2.9\tex\latex\psnfss\omsptm.fd"
File: omsptm.fd 
)
LaTeX Font Info:    Font shape `OMS/ptm/m/n' in size <10.95> not available
(Font)              Font shape `OMS/cmsy/m/n' tried instead on input line 43.
[5]

LaTeX Warning: Hyper reference `sect:introduction' on page 6 undefined on input
 line 110.


LaTeX Warning: Hyper reference `sect:overview' on page 6 undefined on input lin
e 111.


LaTeX Warning: Hyper reference `sect:requirements' on page 6 undefined on input
 line 112.


LaTeX Warning: Hyper reference `sect:alloy' on page 6 undefined on input line 1
13.


LaTeX Warning: Hyper reference `sect:effort' on page 6 undefined on input line 
114.


LaTeX Warning: Hyper reference `sect:references' on page 6 undefined on input l
ine 115.

) [6] [7]
Chapter 2.
(D:/Users/gbatt/Desktop/ArgiroBattagliaCasasole/RASD\sections/overview.tex
Missing character: There is no ‚ in font ptmr7t!
Missing character: There is no Ä in font ptmr7t!
Missing character: There is no ô in font ptmr7t!
Missing character: There is no ‚ in font ptmr7t!
Missing character: There is no Ä in font ptmr7t!
Missing character: There is no ô in font ptmr7t!
Missing character: There is no ‚ in font ptmr7t!
Missing character: There is no Ä in font ptmr7t!
Missing character: There is no ô in font ptmr7t!
<sections/overview/UML_RASD.pdf, id=55, 1214.5375pt x 672.5125pt>
File: sections/overview/UML_RASD.pdf Graphic file (type pdf)
<use sections/overview/UML_RASD.pdf>
Package pdftex.def Info: sections/overview/UML_RASD.pdf  used on input line 11.

(pdftex.def)             Requested size: 1214.53455pt x 672.51085pt.
File: sections/overview/UML_RASD.pdf Graphic file (type pdf)
<use sections/overview/UML_RASD.pdf>
Package pdftex.def Info: sections/overview/UML_RASD.pdf  used on input line 11.

(pdftex.def)             Requested size: 1214.53455pt x 672.51085pt.
<sections/overview/UML_RASD.pdf, id=58, page=1, 1214.5375pt x 672.5125pt>
File: sections/overview/UML_RASD.pdf Graphic file (type pdf)
<use sections/overview/UML_RASD.pdf, page 1>
Package pdftex.def Info: sections/overview/UML_RASD.pdf , page1 used on input l
ine 11.
(pdftex.def)             Requested size: 1214.53455pt x 672.51085pt.
File: sections/overview/UML_RASD.pdf Graphic file (type pdf)
<use sections/overview/UML_RASD.pdf, page 1>
Package pdftex.def Info: sections/overview/UML_RASD.pdf , page1 used on input l
ine 11.
(pdftex.def)             Requested size: 597.76018pt x 330.99117pt.

[8


]
File: sections/overview/UML_RASD.pdf Graphic file (type pdf)
<use sections/overview/UML_RASD.pdf, page 1>
Package pdftex.def Info: sections/overview/UML_RASD.pdf , page1 used on input l
ine 11.
(pdftex.def)             Requested size: 597.76018pt x 330.99117pt.
File: sections/overview/UML_RASD.pdf Graphic file (type pdf)
<use sections/overview/UML_RASD.pdf, page 1>
Package pdftex.def Info: sections/overview/UML_RASD.pdf , page1 used on input l
ine 11.
(pdftex.def)             Requested size: 597.76018pt x 330.99117pt.
File: sections/overview/UML_RASD.pdf Graphic file (type pdf)
<use sections/overview/UML_RASD.pdf, page 1>
Package pdftex.def Info: sections/overview/UML_RASD.pdf , page1 used on input l
ine 11.
(pdftex.def)             Requested size: 597.76018pt x 330.99117pt.
 [9 <D:/Users/gbatt/Desktop/ArgiroBattagliaCasasole/RASD/sections/overview/UML_
RASD.pdf>]
Underfull \hbox (badness 10000) in paragraph at lines 21--24

 []


Underfull \hbox (badness 10000) in paragraph at lines 25--27

 []

[10]
Missing character: There is no ‚ in font ptmr7t!
Missing character: There is no Ä in font ptmr7t!
Missing character: There is no ô in font ptmr7t!
 [11]
Missing character: There is no ‚ in font ptmr7t!
Missing character: There is no Ä in font ptmr7t!
Missing character: There is no ô in font ptmr7t!
) [12]
Chapter 3.
(D:/Users/gbatt/Desktop/ArgiroBattagliaCasasole/RASD\sections/requirements.tex
(D:/Users/gbatt/Desktop/ArgiroBattagliaCasasole/RASD\sections/requirements/Exte
rnalInterfaceRequirements.tex
<Mocks/Mobile_Login.PNG, id=97, 198.44138pt x 398.38838pt>
File: Mocks/Mobile_Login.PNG Graphic file (type png)
<use Mocks/Mobile_Login.PNG>
Package pdftex.def Info: Mocks/Mobile_Login.PNG  used on input line 6.
(pdftex.def)             Requested size: 99.22043pt x 199.1937pt.
Missing character: There is no ‚ in font ptmr7t!
Missing character: There is no Ä in font ptmr7t!
Missing character: There is no ú in font ptmr7t!
Missing character: There is no ‚ in font ptmr7t!
Missing character: There is no Ä in font ptmr7t!
Missing character: There is no ù in font ptmr7t!
Missing character: There is no ‚ in font ptmr7t!
Missing character: There is no Ä in font ptmr7t!
Missing character: There is no ú in font ptmr7t!
Missing character: There is no ‚ in font ptmr7t!
Missing character: There is no Ä in font ptmr7t!
Missing character: There is no ù in font ptmr7t!
<Mocks/Mobile_Sign_In.PNG, id=99, 197.23688pt x 398.08725pt>
File: Mocks/Mobile_Sign_In.PNG Graphic file (type png)
<use Mocks/Mobile_Sign_In.PNG>
Package pdftex.def Info: Mocks/Mobile_Sign_In.PNG  used on input line 12.
(pdftex.def)             Requested size: 98.61818pt x 199.04314pt.

Underfull \vbox (badness 10000) has occurred while \output is active []

 [13


pdfTeX warning (ext4): destination with the same identifier (name{figure.3.1}) 
has been already used, duplicate ignored

\AtBegShi@Output ...ipout \box \AtBeginShipoutBox 
                                                  \fi \fi 
l.15 
      <D:/Users/gbatt/Desktop/ArgiroBattagliaCasasole/RASD/Mocks/Mobile_Login.P
NG>]
<Mocks/Mobile_D4H_Main.PNG, id=110, 198.44138pt x 398.38838pt>
File: Mocks/Mobile_D4H_Main.PNG Graphic file (type png)
<use Mocks/Mobile_D4H_Main.PNG>
Package pdftex.def Info: Mocks/Mobile_D4H_Main.PNG  used on input line 18.
(pdftex.def)             Requested size: 99.22043pt x 199.1937pt.
Missing character: There is no ‚ in font ptmr7t!
Missing character: There is no Ä in font ptmr7t!
Missing character: There is no ú in font ptmr7t!
Missing character: There is no ‚ in font ptmr7t!
Missing character: There is no Ä in font ptmr7t!
Missing character: There is no ù in font ptmr7t!
Missing character: There is no ‚ in font ptmr7t!
Missing character: There is no Ä in font ptmr7t!
Missing character: There is no ú in font ptmr7t!
Missing character: There is no ‚ in font ptmr7t!
Missing character: There is no Ä in font ptmr7t!
Missing character: There is no ù in font ptmr7t!
<Mocks/Mobile_D4H_Requests.PNG, id=111, 197.23688pt x 397.78612pt>
File: Mocks/Mobile_D4H_Requests.PNG Graphic file (type png)
<use Mocks/Mobile_D4H_Requests.PNG>
Package pdftex.def Info: Mocks/Mobile_D4H_Requests.PNG  used on input line 24.
(pdftex.def)             Requested size: 98.61818pt x 198.89256pt.

Underfull \vbox (badness 10000) has occurred while \output is active []

 [14pdfTeX warning (ext4): destination with the same identifier (name{figure.3.
2}) has been already used, duplicate ignored

\AtBegShi@Output ...ipout \box \AtBeginShipoutBox 
                                                  \fi \fi 
l.27 
     pdfTeX warning (ext4): destination with the same identifier (name{figure.3
.3}) has been already used, duplicate ignored

\AtBegShi@Output ...ipout \box \AtBeginShipoutBox 
                                                  \fi \fi 
l.27 
      <D:/Users/gbatt/Desktop/ArgiroBattagliaCasasole/RASD/Mocks/Mobile_Sign_In
.PNG> <D:/Users/gbatt/Desktop/ArgiroBattagliaCasasole/RASD/Mocks/Mobile_D4H_Mai
n.PNG>]
<Mocks/Mobile_ASOS_Main.PNG, id=120, 198.44138pt x 398.6895pt>
File: Mocks/Mobile_ASOS_Main.PNG Graphic file (type png)
<use Mocks/Mobile_ASOS_Main.PNG>
Package pdftex.def Info: Mocks/Mobile_ASOS_Main.PNG  used on input line 30.
(pdftex.def)             Requested size: 99.22043pt x 199.34425pt.
<Mocks/Mobile_ASOS_Emergency.PNG, id=121, 200.24812pt x 399.59288pt>
File: Mocks/Mobile_ASOS_Emergency.PNG Graphic file (type png)
<use Mocks/Mobile_ASOS_Emergency.PNG>
Package pdftex.def Info: Mocks/Mobile_ASOS_Emergency.PNG  used on input line 36
.
(pdftex.def)             Requested size: 100.12381pt x 199.79594pt.

Underfull \vbox (badness 10000) has occurred while \output is active []

 [15pdfTeX warning (ext4): destination with the same identifier (name{figure.3.
4}) has been already used, duplicate ignored

\AtBegShi@Output ...ipout \box \AtBeginShipoutBox 
                                                  \fi \fi 
l.39 
     pdfTeX warning (ext4): destination with the same identifier (name{figure.3
.5}) has been already used, duplicate ignored

\AtBegShi@Output ...ipout \box \AtBeginShipoutBox 
                                                  \fi \fi 
l.39 
      <D:/Users/gbatt/Desktop/ArgiroBattagliaCasasole/RASD/Mocks/Mobile_D4H_Req
uests.PNG> <D:/Users/gbatt/Desktop/ArgiroBattagliaCasasole/RASD/Mocks/Mobile_AS
OS_Main.PNG>]
<Mocks/Mobile_T4R_Main.PNG, id=130, 199.947pt x 398.6895pt>
File: Mocks/Mobile_T4R_Main.PNG Graphic file (type png)
<use Mocks/Mobile_T4R_Main.PNG>
Package pdftex.def Info: Mocks/Mobile_T4R_Main.PNG  used on input line 42.
(pdftex.def)             Requested size: 99.97325pt x 199.34425pt.
<Mocks/Mobile_T4R_Path.PNG, id=131, 197.23688pt x 398.38838pt>
File: Mocks/Mobile_T4R_Path.PNG Graphic file (type png)
<use Mocks/Mobile_T4R_Path.PNG>
Package pdftex.def Info: Mocks/Mobile_T4R_Path.PNG  used on input line 48.
(pdftex.def)             Requested size: 98.61818pt x 199.1937pt.

Underfull \vbox (badness 10000) has occurred while \output is active []

 [16pdfTeX warning (ext4): destination with the same identifier (name{figure.3.
6}) has been already used, duplicate ignored

\AtBegShi@Output ...ipout \box \AtBeginShipoutBox 
                                                  \fi \fi 
l.51 
     pdfTeX warning (ext4): destination with the same identifier (name{figure.3
.7}) has been already used, duplicate ignored

\AtBegShi@Output ...ipout \box \AtBeginShipoutBox 
                                                  \fi \fi 
l.51 
      <D:/Users/gbatt/Desktop/ArgiroBattagliaCasasole/RASD/Mocks/Mobile_ASOS_Em
ergency.PNG> <D:/Users/gbatt/Desktop/ArgiroBattagliaCasasole/RASD/Mocks/Mobile_
T4R_Main.PNG>]
<Mocks/Mobile_T4R_Prev_Competitions.PNG, id=140, 197.83913pt x 396.88275pt>
File: Mocks/Mobile_T4R_Prev_Competitions.PNG Graphic file (type png)
<use Mocks/Mobile_T4R_Prev_Competitions.PNG>
Package pdftex.def Info: Mocks/Mobile_T4R_Prev_Competitions.PNG  used on input 
line 54.
(pdftex.def)             Requested size: 98.91931pt x 198.44089pt.
<Mocks/Mobile_T4R_Monitoring.PNG, id=141, 197.83913pt x 398.99063pt>
File: Mocks/Mobile_T4R_Monitoring.PNG Graphic file (type png)
<use Mocks/Mobile_T4R_Monitoring.PNG>
Package pdftex.def Info: Mocks/Mobile_T4R_Monitoring.PNG  used on input line 60
.
(pdftex.def)             Requested size: 98.91931pt x 199.49483pt.

Underfull \vbox (badness 10000) has occurred while \output is active []

 [17pdfTeX warning (ext4): destination with the same identifier (name{figure.3.
8}) has been already used, duplicate ignored

\AtBegShi@Output ...ipout \box \AtBeginShipoutBox 
                                                  \fi \fi 
l.63 \clearpage
               pdfTeX warning (ext4): destination with the same identifier (nam
e{figure.3.9}) has been already used, duplicate ignored

\AtBegShi@Output ...ipout \box \AtBeginShipoutBox 
                                                  \fi \fi 
l.63 \clearpage
                <D:/Users/gbatt/Desktop/ArgiroBattagliaCasasole/RASD/Mocks/Mobi
le_T4R_Path.PNG> <D:/Users/gbatt/Desktop/ArgiroBattagliaCasasole/RASD/Mocks/Mob
ile_T4R_Prev_Competitions.PNG>] [18pdfTeX warning (ext4): destination with the 
same identifier (name{figure.3.10}) has been already used, duplicate ignored

\AtBegShi@Output ...ipout \box \AtBeginShipoutBox 
                                                  \fi \fi 
l.63 \clearpage
                <D:/Users/gbatt/Desktop/ArgiroBattagliaCasasole/RASD/Mocks/Mobi
le_T4R_Monitoring.PNG>]
<Mocks/Desktop_Login.PNG, id=156, 669.40088pt x 392.06474pt>
File: Mocks/Desktop_Login.PNG Graphic file (type png)
<use Mocks/Desktop_Login.PNG>
Package pdftex.def Info: Mocks/Desktop_Login.PNG  used on input line 69.
(pdftex.def)             Requested size: 334.69962pt x 196.03189pt.
Missing character: There is no ‚ in font ptmr7t!
Missing character: There is no Ä in font ptmr7t!
Missing character: There is no ú in font ptmr7t!
Missing character: There is no ‚ in font ptmr7t!
Missing character: There is no Ä in font ptmr7t!
Missing character: There is no ù in font ptmr7t!
Missing character: There is no ‚ in font ptmr7t!
Missing character: There is no Ä in font ptmr7t!
Missing character: There is no ú in font ptmr7t!
Missing character: There is no ‚ in font ptmr7t!
Missing character: There is no Ä in font ptmr7t!
Missing character: There is no ù in font ptmr7t!
<Mocks/Desktop_Sign_In.PNG, id=157, 670.30424pt x 391.4625pt>
File: Mocks/Desktop_Sign_In.PNG Graphic file (type png)
<use Mocks/Desktop_Sign_In.PNG>
Package pdftex.def Info: Mocks/Desktop_Sign_In.PNG  used on input line 75.
(pdftex.def)             Requested size: 335.1513pt x 195.73076pt.
<Mocks/Desktop_D4H_Main.PNG, id=158, 673.01437pt x 396.2805pt>
File: Mocks/Desktop_D4H_Main.PNG Graphic file (type png)
<use Mocks/Desktop_D4H_Main.PNG>
Package pdftex.def Info: Mocks/Desktop_D4H_Main.PNG  used on input line 81.
(pdftex.def)             Requested size: 336.50636pt x 198.13976pt.

Underfull \vbox (badness 10000) has occurred while \output is active []

 [19

pdfTeX warning (ext4): destination with the same identifier (name{figure.3.11})
 has been already used, duplicate ignored

\AtBegShi@Output ...ipout \box \AtBeginShipoutBox 
                                                  \fi \fi 
l.84 
     pdfTeX warning (ext4): destination with the same identifier (name{figure.3
.12}) has been already used, duplicate ignored

\AtBegShi@Output ...ipout \box \AtBeginShipoutBox 
                                                  \fi \fi 
l.84 
      <D:/Users/gbatt/Desktop/ArgiroBattagliaCasasole/RASD/Mocks/Desktop_Login.
PNG> <D:/Users/gbatt/Desktop/ArgiroBattagliaCasasole/RASD/Mocks/Desktop_Sign_In
.PNG>]
<Mocks/Desktop_D4H_Constraints.PNG, id=169, 670.30424pt x 392.36588pt>
File: Mocks/Desktop_D4H_Constraints.PNG Graphic file (type png)
<use Mocks/Desktop_D4H_Constraints.PNG>
Package pdftex.def Info: Mocks/Desktop_D4H_Constraints.PNG  used on input line 
87.
(pdftex.def)             Requested size: 335.1513pt x 196.18245pt.
<Mocks/Desktop_T4R_Main.PNG, id=170, 667.59413pt x 389.95688pt>
File: Mocks/Desktop_T4R_Main.PNG Graphic file (type png)
<use Mocks/Desktop_T4R_Main.PNG>
Package pdftex.def Info: Mocks/Desktop_T4R_Main.PNG  used on input line 93.
(pdftex.def)             Requested size: 333.79625pt x 194.97795pt.

Underfull \vbox (badness 10000) has occurred while \output is active []

 [20pdfTeX warning (ext4): destination with the same identifier (name{figure.3.
13}) has been already used, duplicate ignored

\AtBegShi@Output ...ipout \box \AtBeginShipoutBox 
                                                  \fi \fi 
l.96 
     pdfTeX warning (ext4): destination with the same identifier (name{figure.3
.14}) has been already used, duplicate ignored

\AtBegShi@Output ...ipout \box \AtBeginShipoutBox 
                                                  \fi \fi 
l.96 
      <D:/Users/gbatt/Desktop/ArgiroBattagliaCasasole/RASD/Mocks/Desktop_D4H_Ma
in.PNG> <D:/Users/gbatt/Desktop/ArgiroBattagliaCasasole/RASD/Mocks/Desktop_D4H_
Constraints.PNG>]
Underfull \hbox (badness 10000) in paragraph at lines 101--107

 []


Overfull \hbox (57.31766pt too wide) in paragraph at lines 101--107
\OT1/ptm/m/n/10.95 Data4Help needs to in-ter-face with a database that is ac-ce
ssed with a DBMS (Post-greSQL https://www.postgresql.org/). 
 []

)
(D:/Users/gbatt/Desktop/ArgiroBattagliaCasasole/RASD\sections/requirements/Func
tionalRequirements.tex [21pdfTeX warning (ext4): destination with the same iden
tifier (name{figure.3.15}) has been already used, duplicate ignored

\AtBegShi@Output ...ipout \box \AtBeginShipoutBox 
                                                  \fi \fi 
l.4 \subsubsection
                  {Scenario 2} <D:/Users/gbatt/Desktop/ArgiroBattagliaCasasole/
RASD/Mocks/Desktop_T4R_Main.PNG>] [22]
<sections/requirements/UseCases/USE_CASE_RASD.pdf, id=200, 1304.875pt x 1445.4p
t>
File: sections/requirements/UseCases/USE_CASE_RASD.pdf Graphic file (type pdf)
<use sections/requirements/UseCases/USE_CASE_RASD.pdf>
Package pdftex.def Info: sections/requirements/UseCases/USE_CASE_RASD.pdf  used
 on input line 17.
(pdftex.def)             Requested size: 1304.87183pt x 1445.39648pt.
File: sections/requirements/UseCases/USE_CASE_RASD.pdf Graphic file (type pdf)
<use sections/requirements/UseCases/USE_CASE_RASD.pdf>
Package pdftex.def Info: sections/requirements/UseCases/USE_CASE_RASD.pdf  used
 on input line 17.
(pdftex.def)             Requested size: 1304.87183pt x 1445.39648pt.
<sections/requirements/UseCases/USE_CASE_RASD.pdf, id=203, page=1, 1304.875pt x
 1445.4pt>
File: sections/requirements/UseCases/USE_CASE_RASD.pdf Graphic file (type pdf)
<use sections/requirements/UseCases/USE_CASE_RASD.pdf, page 1>
Package pdftex.def Info: sections/requirements/UseCases/USE_CASE_RASD.pdf , pag
e1 used on input line 17.
(pdftex.def)             Requested size: 1304.87183pt x 1445.39648pt.
File: sections/requirements/UseCases/USE_CASE_RASD.pdf Graphic file (type pdf)
<use sections/requirements/UseCases/USE_CASE_RASD.pdf, page 1>
Package pdftex.def Info: sections/requirements/UseCases/USE_CASE_RASD.pdf , pag
e1 used on input line 17.
(pdftex.def)             Requested size: 597.90033pt x 662.2896pt.
File: sections/requirements/UseCases/USE_CASE_RASD.pdf Graphic file (type pdf)
<use sections/requirements/UseCases/USE_CASE_RASD.pdf, page 1>
Package pdftex.def Info: sections/requirements/UseCases/USE_CASE_RASD.pdf , pag
e1 used on input line 17.
(pdftex.def)             Requested size: 597.90033pt x 662.2896pt.
File: sections/requirements/UseCases/USE_CASE_RASD.pdf Graphic file (type pdf)
<use sections/requirements/UseCases/USE_CASE_RASD.pdf, page 1>
Package pdftex.def Info: sections/requirements/UseCases/USE_CASE_RASD.pdf , pag
e1 used on input line 17.
(pdftex.def)             Requested size: 597.90033pt x 662.2896pt.
File: sections/requirements/UseCases/USE_CASE_RASD.pdf Graphic file (type pdf)
<use sections/requirements/UseCases/USE_CASE_RASD.pdf, page 1>
Package pdftex.def Info: sections/requirements/UseCases/USE_CASE_RASD.pdf , pag
e1 used on input line 17.
(pdftex.def)             Requested size: 597.90033pt x 662.2896pt.
 [23

 <D:/Users/gbatt/Desktop/ArgiroBattagliaCasasole/RASD/sections/requirements/Use
Cases/USE_CASE_RASD.pdf>]
(D:/Users/gbatt/Desktop/ArgiroBattagliaCasasole/RASD\sections/requirements/UseC
ases/IU_REGISTRATION.tex
Underfull \hbox (badness 1052) in paragraph at lines 13--14
[]|\OT1/ptm/m/n/10.95 3. The vis-i-tor fills all the manda-tory fields
 []

) [24]
(D:/Users/gbatt/Desktop/ArgiroBattagliaCasasole/RASD\sections/requirements/UseC
ases/TPU_REGISTRATION.tex) [25

]
(D:/Users/gbatt/Desktop/ArgiroBattagliaCasasole/RASD\sections/requirements/UseC
ases/IU_LOGIN.tex) [26

]
(D:/Users/gbatt/Desktop/ArgiroBattagliaCasasole/RASD\sections/requirements/UseC
ases/TPU_LOGIN.tex) [27

]
(D:/Users/gbatt/Desktop/ArgiroBattagliaCasasole/RASD\sections/requirements/UseC
ases/PASSWORD_RECOVERY.tex) [28

]
(D:/Users/gbatt/Desktop/ArgiroBattagliaCasasole/RASD\sections/requirements/UseC
ases/IU_DATA_REQUEST.tex) [29

]
(D:/Users/gbatt/Desktop/ArgiroBattagliaCasasole/RASD\sections/requirements/UseC
ases/IU_REQUEST_APPROVE.tex) [30

]
(D:/Users/gbatt/Desktop/ArgiroBattagliaCasasole/RASD\sections/requirements/UseC
ases/IU_REQUEST_DENY.tex) [31

]
(D:/Users/gbatt/Desktop/ArgiroBattagliaCasasole/RASD\sections/requirements/UseC
ases/IU_BLOCK_TPU.tex) [32

]
(D:/Users/gbatt/Desktop/ArgiroBattagliaCasasole/RASD\sections/requirements/UseC
ases/ANONYMIZED_DATA_REQUEST.tex) [33

]
(D:/Users/gbatt/Desktop/ArgiroBattagliaCasasole/RASD\sections/requirements/UseC
ases/ACTIVATE_ASOS.tex) [34

]
(D:/Users/gbatt/Desktop/ArgiroBattagliaCasasole/RASD\sections/requirements/UseC
ases/DEACTIVATE_ASOS.tex) [35

]
(D:/Users/gbatt/Desktop/ArgiroBattagliaCasasole/RASD\sections/requirements/UseC
ases/DEACTIVATE_T4R.tex) [36

]
(D:/Users/gbatt/Desktop/ArgiroBattagliaCasasole/RASD\sections/requirements/UseC
ases/CALL_ES.tex) [37

]
(D:/Users/gbatt/Desktop/ArgiroBattagliaCasasole/RASD\sections/requirements/UseC
ases/ORGANIZE.tex) [38

]
(D:/Users/gbatt/Desktop/ArgiroBattagliaCasasole/RASD\sections/requirements/UseC
ases/CANCEL_RUN.tex) [39

]
(D:/Users/gbatt/Desktop/ArgiroBattagliaCasasole/RASD\sections/requirements/UseC
ases/SPECTATE.tex) [40

]
(D:/Users/gbatt/Desktop/ArgiroBattagliaCasasole/RASD\sections/requirements/UseC
ases/PARTICIPATE.tex) [41

]
(D:/Users/gbatt/Desktop/ArgiroBattagliaCasasole/RASD\sections/requirements/UseC
ases/CANCEL_ENROL.tex) [42

]
<sections/requirements/sequenceDiagrams/ASOS.png, id=311, 793.96625pt x 423.582
5pt>
File: sections/requirements/sequenceDiagrams/ASOS.png Graphic file (type png)
<use sections/requirements/sequenceDiagrams/ASOS.png>
Package pdftex.def Info: sections/requirements/sequenceDiagrams/ASOS.png  used 
on input line 79.
(pdftex.def)             Requested size: 396.98215pt x 211.79073pt.
 [43

 <D:/Users/gbatt/Desktop/ArgiroBattagliaCasasole/RASD/sections/requirements/seq
uenceDiagrams/ASOS.png>]
<sections/requirements/sequenceDiagrams/data_requests.png, id=320, 763.85374pt 
x 1152.305pt>
File: sections/requirements/sequenceDiagrams/data_requests.png Graphic file (ty
pe png)
<use sections/requirements/sequenceDiagrams/data_requests.png>
Package pdftex.def Info: sections/requirements/sequenceDiagrams/data_requests.p
ng  used on input line 82.
(pdftex.def)             Requested size: 381.92593pt x 576.1511pt.
 [44

 <D:/Users/gbatt/Desktop/ArgiroBattagliaCasasole/RASD/sections/requirements/seq
uenceDiagrams/data_requests.png>]
<sections/requirements/sequenceDiagrams/individual_user_registration.png, id=32
7, 593.21625pt x 854.19125pt>
File: sections/requirements/sequenceDiagrams/individual_user_registration.png G
raphic file (type png)
<use sections/requirements/sequenceDiagrams/individual_user_registration.png>
Package pdftex.def Info: sections/requirements/sequenceDiagrams/individual_user
_registration.png  used on input line 85.
(pdftex.def)             Requested size: 296.60739pt x 427.09459pt.
 [45

 <D:/Users/gbatt/Desktop/ArgiroBattagliaCasasole/RASD/sections/requirements/seq
uenceDiagrams/individual_user_registration.png>]
<sections/requirements/sequenceDiagrams/third_party_user_registration.png, id=3
34, 593.21625pt x 884.30376pt>
File: sections/requirements/sequenceDiagrams/third_party_user_registration.png 
Graphic file (type png)
<use sections/requirements/sequenceDiagrams/third_party_user_registration.png>
Package pdftex.def Info: sections/requirements/sequenceDiagrams/third_party_use
r_registration.png  used on input line 88.
(pdftex.def)             Requested size: 296.60739pt x 442.1508pt.
 [46

 <D:/Users/gbatt/Desktop/ArgiroBattagliaCasasole/RASD/sections/requirements/seq
uenceDiagrams/third_party_user_registration.png>]
<sections/requirements/sequenceDiagrams/login.png, id=341, 593.21625pt x 854.19
125pt>
File: sections/requirements/sequenceDiagrams/login.png Graphic file (type png)
<use sections/requirements/sequenceDiagrams/login.png>
Package pdftex.def Info: sections/requirements/sequenceDiagrams/login.png  used
 on input line 91.
(pdftex.def)             Requested size: 296.60739pt x 427.09459pt.
 [47

 <D:/Users/gbatt/Desktop/ArgiroBattagliaCasasole/RASD/sections/requirements/seq
uenceDiagrams/login.png>]
<sections/requirements/sequenceDiagrams/T4R_race_organization.png, id=348, 793.
96625pt x 1141.26375pt>
File: sections/requirements/sequenceDiagrams/T4R_race_organization.png Graphic 
file (type png)
<use sections/requirements/sequenceDiagrams/T4R_race_organization.png>
Package pdftex.def Info: sections/requirements/sequenceDiagrams/T4R_race_organi
zation.png  used on input line 94.
(pdftex.def)             Requested size: 396.98215pt x 570.63048pt.
 [48

 <D:/Users/gbatt/Desktop/ArgiroBattagliaCasasole/RASD/sections/requirements/seq
uenceDiagrams/T4R_race_organization.png>] [49

])
(D:/Users/gbatt/Desktop/ArgiroBattagliaCasasole/RASD\sections/requirements/Perf
ormanceRequirements.tex)
(D:/Users/gbatt/Desktop/ArgiroBattagliaCasasole/RASD\sections/requirements/Desi
gnConstraints.tex
Missing character: There is no ‚ in font ptmr7t!
Missing character: There is no Ä in font ptmr7t!
Missing character: There is no ô in font ptmr7t!
Missing character: There is no ‚ in font ptmr7t!
Missing character: There is no Ä in font ptmr7t!
Missing character: There is no ô in font ptmr7t!
Missing character: There is no ‚ in font ptmr7t!
Missing character: There is no Ä in font ptmr7t!
Missing character: There is no ô in font ptmr7t!
Missing character: There is no ‚ in font ptmr7t!
Missing character: There is no Ä in font ptmr7t!
Missing character: There is no ô in font ptmr7t!
)
Underfull \hbox (badness 10000) in paragraph at lines 2--14

 []


Underfull \hbox (badness 10000) in paragraph at lines 2--14

 []

[50]
(D:/Users/gbatt/Desktop/ArgiroBattagliaCasasole/RASD\sections/requirements/Soft
wareSystemAttributes.tex
Missing character: There is no ‚ in font ptmr7t!
Missing character: There is no Ä in font ptmr7t!
Missing character: There is no ô in font ptmr7t!
Missing character: There is no ‚ in font ptmr7t!
Missing character: There is no Ä in font ptmr7t!
Missing character: There is no ô in font ptmr7t!

Underfull \hbox (badness 10000) in paragraph at lines 2--9

 []


Underfull \hbox (badness 10000) in paragraph at lines 2--9

 []

Missing character: There is no ‚ in font ptmr7t!
Missing character: There is no Ä in font ptmr7t!
Missing character: There is no ô in font ptmr7t!
Missing character: There is no ‚ in font ptmr7t!
Missing character: There is no Ä in font ptmr7t!
Missing character: There is no ú in font ptmr7t!
Missing character: There is no ‚ in font ptmr7t!
Missing character: There is no Ä in font ptmr7t!
Missing character: There is no ù in font ptmr7t!

Underfull \hbox (badness 10000) in paragraph at lines 11--15

 []


Underfull \hbox (badness 10000) in paragraph at lines 16--29

 []


Underfull \hbox (badness 10000) in paragraph at lines 16--29

 []


Underfull \hbox (badness 10000) in paragraph at lines 16--29

 []


Underfull \hbox (badness 10000) in paragraph at lines 16--29

 []

[51]
Missing character: There is no ‚ in font ptmr7t!
Missing character: There is no Ä in font ptmr7t!
Missing character: There is no ô in font ptmr7t!
Missing character: There is no ‚ in font ptmr7t!
Missing character: There is no Ä in font ptmr7t!
Missing character: There is no ô in font ptmr7t!
Missing character: There is no ‚ in font ptmr7t!
Missing character: There is no Ä in font ptmr7t!
Missing character: There is no ô in font ptmr7t!

Underfull \hbox (badness 10000) in paragraph at lines 30--34

 []

Missing character: There is no ‚ in font ptmr7t!
Missing character: There is no Ä in font ptmr7t!
Missing character: There is no ú in font ptmr7t!
Missing character: There is no ‚ in font ptmr7t!
Missing character: There is no Ä in font ptmr7t!
Missing character: There is no ù in font ptmr7t!
Missing character: There is no ‚ in font ptmr7t!
Missing character: There is no Ä in font ptmr7t!
Missing character: There is no ô in font ptmr7t!

Underfull \hbox (badness 10000) in paragraph at lines 35--42

 []


Underfull \hbox (badness 10000) in paragraph at lines 35--42

 []

)) [52]
Chapter 4.
(D:/Users/gbatt/Desktop/ArgiroBattagliaCasasole/RASD\sections/alloy.tex
(D:/Users/gbatt/Desktop/ArgiroBattagliaCasasole/RASD\sections/alloy/alloyD4H.te
x
LaTeX Font Info:    Try loading font information for OT1+pcr on input line 1.
 ("D:\Users\gbatt\AppData\Local\Programs\MiKTeX 2.9\tex\latex\psnfss\ot1pcr.fd"
File: ot1pcr.fd 2001/06/04 font definitions for OT1/pcr.
)
Overfull \hbox (360.75589pt too wide) in paragraph at lines 5--6
[][][][][][][][][]  
 []


Overfull \hbox (360.75589pt too wide) in paragraph at lines 23--24
[][][][][][][][][]  
 []

[53


]
Overfull \hbox (360.75589pt too wide) in paragraph at lines 45--46
[][][][][][][][][]  
 []


Overfull \hbox (360.75589pt too wide) in paragraph at lines 51--52
[][][][][][][][][]  
 []


Overfull \hbox (360.75589pt too wide) in paragraph at lines 74--75
[][][][][][][][][]  
 []


Underfull \vbox (badness 10000) has occurred while \output is active []

 [54]
Overfull \hbox (360.75589pt too wide) in paragraph at lines 102--103
[][][][][][][][][]  
 []


Overfull \hbox (360.75589pt too wide) in paragraph at lines 112--113
[][][][][][][][][]  
 []


Underfull \vbox (badness 10000) has occurred while \output is active []

 [55]
Overfull \hbox (360.75589pt too wide) in paragraph at lines 142--143
[][][][][][][][][]  
 []


Overfull \hbox (360.75589pt too wide) in paragraph at lines 148--150
[][][][][][][][][]  
 []


Overfull \hbox (360.75589pt too wide) in paragraph at lines 175--177
[][][][][][][][][]  
 []


Underfull \vbox (badness 10000) has occurred while \output is active []

 [56])
<sections/alloy/GenWorldD4H.png, id=582, 1906.12125pt x 879.285pt>
File: sections/alloy/GenWorldD4H.png Graphic file (type png)
<use sections/alloy/GenWorldD4H.png>
Package pdftex.def Info: sections/alloy/GenWorldD4H.png  used on input line 14.

(pdftex.def)             Requested size: 550.84746pt x 254.10062pt.
<sections/alloy/GenWorldD4H-2.png, id=583, 1489.565pt x 544.0325pt>
File: sections/alloy/GenWorldD4H-2.png Graphic file (type png)
<use sections/alloy/GenWorldD4H-2.png>
Package pdftex.def Info: sections/alloy/GenWorldD4H-2.png  used on input line 1
5.
(pdftex.def)             Requested size: 550.84746pt x 201.18925pt.

Overfull \hbox (2.12627pt too wide) in paragraph at lines 14--16
[] [] 
 []

<sections/alloy/resultD4H.png, id=584, 343.2825pt x 707.64375pt>
File: sections/alloy/resultD4H.png Graphic file (type png)
<use sections/alloy/resultD4H.png>
Package pdftex.def Info: sections/alloy/resultD4H.png  used on input line 17.
(pdftex.def)             Requested size: 267.22498pt x 550.84746pt.

Underfull \vbox (badness 10000) has occurred while \output is active []

 [57 <D:/Users/gbatt/Desktop/ArgiroBattagliaCasasole/RASD/sections/alloy/GenWor
ldD4H.png (PNG copy)> <D:/Users/gbatt/Desktop/ArgiroBattagliaCasasole/RASD/sect
ions/alloy/GenWorldD4H-2.png (PNG copy)>] [58 <D:/Users/gbatt/Desktop/ArgiroBat
tagliaCasasole/RASD/sections/alloy/resultD4H.png>]
(D:/Users/gbatt/Desktop/ArgiroBattagliaCasasole/RASD\sections/alloy/alloyASOS.t
ex [59

]
Underfull \vbox (badness 10000) has occurred while \output is active []

 [60])
<sections/alloy/GenWorldASOS.png, id=709, 1454.43375pt x 736.7525pt>
File: sections/alloy/GenWorldASOS.png Graphic file (type png)
<use sections/alloy/GenWorldASOS.png>
Package pdftex.def Info: sections/alloy/GenWorldASOS.png  used on input line 29
.
(pdftex.def)             Requested size: 550.84746pt x 279.03578pt.

Underfull \vbox (badness 10000) has occurred while \output is active []

 [61]
<sections/alloy/resultASOS.png, id=729, 414.04688pt x 570.63188pt>
File: sections/alloy/resultASOS.png Graphic file (type png)
<use sections/alloy/resultASOS.png>
Package pdftex.def Info: sections/alloy/resultASOS.png  used on input line 31.
(pdftex.def)             Requested size: 399.69171pt x 550.84746pt.

Underfull \vbox (badness 10000) has occurred while \output is active []

 [62 <D:/Users/gbatt/Desktop/ArgiroBattagliaCasasole/RASD/sections/alloy/GenWor
ldASOS.png (PNG copy)>] [63 <D:/Users/gbatt/Desktop/ArgiroBattagliaCasasole/RAS
D/sections/alloy/resultASOS.png>]
(D:/Users/gbatt/Desktop/ArgiroBattagliaCasasole/RASD\sections/alloy/alloyT4R.te
x [64

]
Underfull \vbox (badness 10000) has occurred while \output is active []

 [65]
Underfull \vbox (badness 10000) has occurred while \output is active []

 [66])
<sections/alloy/GenWorldT4R.png, id=905, 1438.37375pt x 608.2725pt>
File: sections/alloy/GenWorldT4R.png Graphic file (type png)
<use sections/alloy/GenWorldT4R.png>
Package pdftex.def Info: sections/alloy/GenWorldT4R.png  used on input line 43.

(pdftex.def)             Requested size: 550.84746pt x 232.95584pt.

Underfull \vbox (badness 10000) has occurred while \output is active []

 [67]
<sections/alloy/resultT4R.png, id=928, 449.42906pt x 686.565pt>
File: sections/alloy/resultT4R.png Graphic file (type png)
<use sections/alloy/resultT4R.png>
Package pdftex.def Info: sections/alloy/resultT4R.png  used on input line 45.
(pdftex.def)             Requested size: 360.58609pt x 550.84746pt.
)
Underfull \vbox (badness 10000) has occurred while \output is active []

 [68 <D:/Users/gbatt/Desktop/ArgiroBattagliaCasasole/RASD/sections/alloy/GenWor
ldT4R.png (PNG copy)>] [69 <D:/Users/gbatt/Desktop/ArgiroBattagliaCasasole/RASD
/sections/alloy/resultT4R.png>]
Chapter 5.
(D:/Users/gbatt/Desktop/ArgiroBattagliaCasasole/RASD\sections/effort.tex)
[70


]
Chapter 6.
(D:/Users/gbatt/Desktop/ArgiroBattagliaCasasole/RASD\sections/references.tex
! pdfTeX error (ext1): \pdfendlink cannot be used in vertical mode.
\close@pdflink ...\Hy@VerboseLinkStop \pdfendlink 
                                                  
l.11 \item
           https://en.wikipedia.org/wiki/Standards-compliant

 
Here is how much of TeX's memory you used:
 10402 strings out of 493305
 162948 string characters out of 3129803
 530794 words of memory out of 3000000
 13051 multiletter control sequences out of 15000+200000
 20321 words of font info for 43 fonts, out of 3000000 for 9000
 1141 hyphenation exceptions out of 8191
 43i,21n,43p,690b,1774s stack positions out of 5000i,500n,10000p,200000b,50000s
!  ==> Fatal error occurred, no output PDF file produced!
